python2.6 /usr/bin/f2py -c -m sussix4drivexxNoO sussix4drivexxNoO.f
running build
running config_cc
unifing config_cc, config, build_clib, build_ext, build commands --compiler options
running config_fc
unifing config_fc, config, build_clib, build_ext, build commands --fcompiler options
running build_src
building extension "sussix4drivexxNoO" sources
f2py options: []
f2py:> /tmp/tmpoewsdT/src.linux-x86_64-2.6/sussix4drivexxNoOmodule.c
creating /tmp/tmpoewsdT
creating /tmp/tmpoewsdT/src.linux-x86_64-2.6
Reading fortran codes...
	Reading file 'sussix4drivexxNoO.f' (format:fix,strict)
Post-processing...
	Block: sussix4drivexxNoO
			Block: sussix4drivenoise
			Block: spectrum
			Block: tunenewt
			Block: tunelasr
			Block: zfunr
			Block: calcr
			Block: susres
			Block: ordres
			Block: datspe
			Block: fftr
			Block: readres
			Block: readdt3
			Block: readdt4
			Block: readsme
			Block: readinv
			Block: readric
			Block: writeric
			Block: kerset
			Block: rinv
			Block: dinv
			Block: f010pr
			Block: rfact
			Block: dfact
			Block: rfeqn
			Block: dfeqn
			Block: rfinv
			Block: dfinv
			Block: tmprnt
			Block: lfit
			Block: lfitw
			Block: abend
			Block: cfft
Post-processing (stage 2)...
Building modules...
	Building module "sussix4drivexxNoO"...
		Constructing wrapper function "sussix4drivenoise"...
		  tunexy,amplitude,phase,ox,ax,oy,ay = sussix4drivenoise(xy,turnnumber)
		Constructing wrapper function "spectrum"...
		  spectrum(x,xp,maxn,tune,zpesi,narm,meth)
		Creating wrapper for Fortran function "tunenewt"("tunenewt")...
		Constructing wrapper function "tunenewt"...
		  tunenewt = tunenewt(x,xp,maxn,zw)
		Creating wrapper for Fortran function "tunelasr"("tunelasr")...
		Constructing wrapper function "tunelasr"...
		  tunelasr = tunelasr(x,xp,maxn,zw)
		Constructing wrapper function "zfunr"...
getarrdims:warning: assumed shape array, using 0 instead of '*'
		  zfunr(tune,zw,z,maxn,tunea1,deltat)
		Constructing wrapper function "calcr"...
getarrdims:warning: assumed shape array, using 0 instead of '*'
		  calcr(zv,zpp,zp,maxd)
		Constructing wrapper function "susres"...
		  susres(nfile,nsus,max_bn,idams)
		Constructing wrapper function "ordres"...
		  ordres(eps,narm,nr,ir,idam,iunit,nturn,tunex,tuney,tunez,istune,etune,tunexy,amplitude,phase,ox,ax,oy,ay)
		Constructing wrapper function "datspe"...
		  datspe(xy,eps,iunit,idam,ir,nt1,nt2,nturn,imeth,narm,nrc,iana,[turnnumber])
		Constructing wrapper function "fftr"...
		  fftr(x,xp,maxn,zsing,meth)
		Constructing wrapper function "readres"...
		  readres(imin,imax,lr,mr,kr,narm,idam,idamx,iout)
		Constructing wrapper function "readdt3"...
		  readdt3(imin,imax,narm,idam,idamx,iout)
		Constructing wrapper function "readdt4"...
		  readdt4(imin,imax,narm,idam,idamx,iout)
		Constructing wrapper function "readsme"...
		  readsme(imin,imax,narm,idam,idamx,iusm)
		Constructing wrapper function "readinv"...
		  readinv(imin,imax,narm,idam,idamx,iinv)
		Constructing wrapper function "readric"...
		  readric(nfile,idam,ntwin,iconv)
		Constructing wrapper function "writeric"...
		  writeric(nfile,ntotal,ntwin,numl,iconv)
		Constructing wrapper function "kerset"...
		  kerset(ercode,lgfile,limitm,limitr)
		Constructing wrapper function "kermtr"...
		  kermtr(ercode,log,mflag,rflag)
		Constructing wrapper function "rinv"...
		  rinv(a,ir,ifail,[n,idim])
		Constructing wrapper function "dinv"...
		  dinv(a,ir,ifail,[n,idim])
		Constructing wrapper function "f010pr"...
		  f010pr(name,n,idim,k,kprnt)
		Constructing wrapper function "rfact"...
getarrdims:warning: assumed shape array, using 0 instead of '*'
getarrdims:warning: assumed shape array, using 0 instead of '*'
		  rfact(n,a,ir,ifail,det,jfail,[idim])
		Constructing wrapper function "dfact"...
getarrdims:warning: assumed shape array, using 0 instead of '*'
getarrdims:warning: assumed shape array, using 0 instead of '*'
		  dfact(n,a,ir,ifail,det,jfail,[idim])
		Constructing wrapper function "rfeqn"...
getarrdims:warning: assumed shape array, using 0 instead of '*'
getarrdims:warning: assumed shape array, using 0 instead of '*'
getarrdims:warning: assumed shape array, using 0 instead of '*'
		  rfeqn(n,a,ir,k,b,[idim])
		Constructing wrapper function "dfeqn"...
getarrdims:warning: assumed shape array, using 0 instead of '*'
getarrdims:warning: assumed shape array, using 0 instead of '*'
getarrdims:warning: assumed shape array, using 0 instead of '*'
		  dfeqn(n,a,ir,k,b,[idim])
		Constructing wrapper function "rfinv"...
getarrdims:warning: assumed shape array, using 0 instead of '*'
getarrdims:warning: assumed shape array, using 0 instead of '*'
		  rfinv(n,a,ir,[idim])
		Constructing wrapper function "dfinv"...
getarrdims:warning: assumed shape array, using 0 instead of '*'
getarrdims:warning: assumed shape array, using 0 instead of '*'
		  dfinv(n,a,ir,[idim])
		Constructing wrapper function "tmprnt"...
		  tmprnt(name,n,idim,k)
		Constructing wrapper function "lfit"...
		  lfit(x,y,l,key,a,b,e)
		Constructing wrapper function "lfitw"...
		  lfitw(x,y,w,l,key,a,b,e)
		Constructing wrapper function "abend"...
		  abend()
		Constructing wrapper function "cfft"...
		  cfft(a,msign)
		Constructing COMMON block support for "data"...
		  x,y,xp,yp,s,sp
		Constructing COMMON block support for "fcoe"...
		  zxpes,zypes,zspes
		Constructing COMMON block support for "tune"...
		  txa,tya,tsa
		Constructing COMMON block support for "dt"...
		  dtpx,dtfx,dttx
	Wrote C/API module "sussix4drivexxNoO" to file "/tmp/tmpoewsdT/src.linux-x86_64-2.6/sussix4drivexxNoOmodule.c"
	Fortran 77 wrappers are saved to "/tmp/tmpoewsdT/src.linux-x86_64-2.6/sussix4drivexxNoO-f2pywrappers.f"
  adding '/tmp/tmpoewsdT/src.linux-x86_64-2.6/fortranobject.c' to sources.
  adding '/tmp/tmpoewsdT/src.linux-x86_64-2.6' to include_dirs.
copying /usr/lib/python2.6/dist-packages/numpy/f2py/src/fortranobject.c -> /tmp/tmpoewsdT/src.linux-x86_64-2.6
copying /usr/lib/python2.6/dist-packages/numpy/f2py/src/fortranobject.h -> /tmp/tmpoewsdT/src.linux-x86_64-2.6
  adding '/tmp/tmpoewsdT/src.linux-x86_64-2.6/sussix4drivexxNoO-f2pywrappers.f' to sources.
running build_ext
customize UnixCCompiler
customize UnixCCompiler using build_ext
customize GnuFCompiler
Could not locate executable g77
Could not locate executable f77
customize IntelFCompiler
Could not locate executable ifort
Could not locate executable ifc
customize LaheyFCompiler
Could not locate executable lf95
customize PGroupFCompiler
Could not locate executable pgf90
Could not locate executable pgf77
customize AbsoftFCompiler
Could not locate executable f90
customize NAGFCompiler
Found executable /usr/bin/f95
customize VastFCompiler
customize GnuFCompiler
customize CompaqFCompiler
Could not locate executable fort
customize IntelItaniumFCompiler
Could not locate executable efort
Could not locate executable efc
customize IntelEM64TFCompiler
customize Gnu95FCompiler
Found executable /usr/bin/gfortran
customize Gnu95FCompiler
customize Gnu95FCompiler using build_ext
building 'sussix4drivexxNoO' extension
compiling C sources
C compiler: gcc -pthread -fno-strict-aliasing -DNDEBUG -g -fwrapv -O2 -Wall -Wstrict-prototypes -fPIC

creating /tmp/tmpoewsdT/tmp
creating /tmp/tmpoewsdT/tmp/tmpoewsdT
creating /tmp/tmpoewsdT/tmp/tmpoewsdT/src.linux-x86_64-2.6
compile options: '-I/tmp/tmpoewsdT/src.linux-x86_64-2.6 -I/usr/lib/python2.6/dist-packages/numpy/core/include -I/usr/include/python2.6 -c'
gcc: /tmp/tmpoewsdT/src.linux-x86_64-2.6/fortranobject.c
In file included from /tmp/tmpoewsdT/src.linux-x86_64-2.6/fortranobject.c:2:
/tmp/tmpoewsdT/src.linux-x86_64-2.6/fortranobject.h:7:20: error: Python.h: No such file or directory
In file included from /usr/lib/python2.6/dist-packages/numpy/core/include/numpy/ndarrayobject.h:61,
                 from /usr/lib/python2.6/dist-packages/numpy/core/include/numpy/arrayobject.h:14,
                 from /tmp/tmpoewsdT/src.linux-x86_64-2.6/fortranobject.h:13,
                 from /tmp/tmpoewsdT/src.linux-x86_64-2.6/fortranobject.c:2:
/usr/lib/python2.6/dist-packages/numpy/core/include/numpy/npy_common.h:71:2: error: #error Must use Python with unicode enabled.
In file included from /usr/lib/python2.6/dist-packages/numpy/core/include/numpy/arrayobject.h:14,
                 from /tmp/tmpoewsdT/src.linux-x86_64-2.6/fortranobject.h:13,
                 from /tmp/tmpoewsdT/src.linux-x86_64-2.6/fortranobject.c:2:
/usr/lib/python2.6/dist-packages/numpy/core/include/numpy/ndarrayobject.h:181: error: expected ‘=’, ‘,’, ‘;’, ‘asm’ or ‘__attribute__’ before ‘npy_intp’
/usr/lib/python2.6/dist-packages/numpy/core/include/numpy/ndarrayobject.h:182: error: expected ‘=’, ‘,’, ‘;’, ‘asm’ or ‘__attribute__’ before ‘npy_uintp’
/usr/lib/python2.6/dist-packages/numpy/core/include/numpy/ndarrayobject.h:284: error: expected ‘=’, ‘,’, ‘;’, ‘asm’ or ‘__attribute__’ before ‘*’ token
/usr/lib/python2.6/dist-packages/numpy/core/include/numpy/ndarrayobject.h:285: error: expected ‘)’ before ‘*’ token
/usr/lib/python2.6/dist-packages/numpy/core/include/numpy/ndarrayobject.h:287: error: expected declaration specifiers or ‘...’ before ‘npy_intp’
/usr/lib/python2.6/dist-packages/numpy/core/include/numpy/ndarrayobject.h:287: error: expected declaration specifiers or ‘...’ before ‘npy_intp’
/usr/lib/python2.6/dist-packages/numpy/core/include/numpy/ndarrayobject.h:288: error: expected declaration specifiers or ‘...’ before ‘npy_intp’
/usr/lib/python2.6/dist-packages/numpy/core/include/numpy/ndarrayobject.h:298: error: expected declaration specifiers or ‘...’ before ‘npy_intp’
/usr/lib/python2.6/dist-packages/numpy/core/include/numpy/ndarrayobject.h:298: error: expected declaration specifiers or ‘...’ before ‘npy_intp’
/usr/lib/python2.6/dist-packages/numpy/core/include/numpy/ndarrayobject.h:300: error: expected declaration specifiers or ‘...’ before ‘npy_intp’
/usr/lib/python2.6/dist-packages/numpy/core/include/numpy/ndarrayobject.h:300: error: expected declaration specifiers or ‘...’ before ‘npy_intp’
/usr/lib/python2.6/dist-packages/numpy/core/include/numpy/ndarrayobject.h:301: error: expected declaration specifiers or ‘...’ before ‘npy_intp’
/usr/lib/python2.6/dist-packages/numpy/core/include/numpy/ndarrayobject.h:303: error: expected declaration specifiers or ‘...’ before ‘npy_intp’
/usr/lib/python2.6/dist-packages/numpy/core/include/numpy/ndarrayobject.h:308: error: expected ‘)’ before ‘*’ token
/usr/lib/python2.6/dist-packages/numpy/core/include/numpy/ndarrayobject.h:313: error: expected declaration specifiers or ‘...’ before ‘npy_intp’
/usr/lib/python2.6/dist-packages/numpy/core/include/numpy/ndarrayobject.h:315: error: expected declaration specifiers or ‘...’ before ‘npy_intp’
/usr/lib/python2.6/dist-packages/numpy/core/include/numpy/ndarrayobject.h:316: error: expected declaration specifiers or ‘...’ before ‘npy_intp’
/usr/lib/python2.6/dist-packages/numpy/core/include/numpy/ndarrayobject.h:316: error: expected declaration specifiers or ‘...’ before ‘npy_intp’
/usr/lib/python2.6/dist-packages/numpy/core/include/numpy/ndarrayobject.h:318: error: expected declaration specifiers or ‘...’ before ‘npy_intp’
/usr/lib/python2.6/dist-packages/numpy/core/include/numpy/ndarrayobject.h:322: error: expected declaration specifiers or ‘...’ before ‘npy_intp’
/usr/lib/python2.6/dist-packages/numpy/core/include/numpy/ndarrayobject.h:324: error: expected declaration specifiers or ‘...’ before ‘npy_intp’
/usr/lib/python2.6/dist-packages/numpy/core/include/numpy/ndarrayobject.h:325: error: expected declaration specifiers or ‘...’ before ‘npy_intp’
/usr/lib/python2.6/dist-packages/numpy/core/include/numpy/ndarrayobject.h:326: error: expected declaration specifiers or ‘...’ before ‘npy_intp’
/usr/lib/python2.6/dist-packages/numpy/core/include/numpy/ndarrayobject.h:327: error: expected declaration specifiers or ‘...’ before ‘npy_intp’
/usr/lib/python2.6/dist-packages/numpy/core/include/numpy/ndarrayobject.h:327: error: expected declaration specifiers or ‘...’ before ‘npy_intp’
/usr/lib/python2.6/dist-packages/numpy/core/include/numpy/ndarrayobject.h:328: error: expected declaration specifiers or ‘...’ before ‘npy_intp’
/usr/lib/python2.6/dist-packages/numpy/core/include/numpy/ndarrayobject.h:328: error: expected declaration specifiers or ‘...’ before ‘npy_intp’
/usr/lib/python2.6/dist-packages/numpy/core/include/numpy/ndarrayobject.h:332: error: expected specifier-qualifier-list before ‘npy_intp’
/usr/lib/python2.6/dist-packages/numpy/core/include/numpy/ndarrayobject.h:345: error: expected specifier-qualifier-list before ‘PyArray_GetItemFunc’
/usr/lib/python2.6/dist-packages/numpy/core/include/numpy/ndarrayobject.h:446: error: expected specifier-qualifier-list before ‘PyObject_HEAD’
/usr/lib/python2.6/dist-packages/numpy/core/include/numpy/ndarrayobject.h:478: error: expected specifier-qualifier-list before ‘PyObject’
/usr/lib/python2.6/dist-packages/numpy/core/include/numpy/ndarrayobject.h:488: error: expected specifier-qualifier-list before ‘PyObject_HEAD’
/usr/lib/python2.6/dist-packages/numpy/core/include/numpy/ndarrayobject.h:513: error: expected specifier-qualifier-list before ‘PyObject_HEAD’
/usr/lib/python2.6/dist-packages/numpy/core/include/numpy/ndarrayobject.h:521: error: expected specifier-qualifier-list before ‘PyObject_HEAD’
/usr/lib/python2.6/dist-packages/numpy/core/include/numpy/ndarrayobject.h:528: error: expected declaration specifiers or ‘...’ before ‘PyObject’
/usr/lib/python2.6/dist-packages/numpy/core/include/numpy/ndarrayobject.h:670: error: expected specifier-qualifier-list before ‘PyObject_HEAD’
/usr/lib/python2.6/dist-packages/numpy/core/include/numpy/ndarrayobject.h:817: error: expected specifier-qualifier-list before ‘PyObject_HEAD’
/usr/lib/python2.6/dist-packages/numpy/core/include/numpy/ndarrayobject.h:871: error: expected specifier-qualifier-list before ‘PyObject_HEAD’
/usr/lib/python2.6/dist-packages/numpy/core/include/numpy/ndarrayobject.h:1084: error: expected specifier-qualifier-list before ‘npy_intp’
In file included from /tmp/tmpoewsdT/src.linux-x86_64-2.6/fortranobject.c:2:
/tmp/tmpoewsdT/src.linux-x86_64-2.6/fortranobject.h:61: error: expected declaration specifiers or ‘...’ before ‘npy_intp’
/tmp/tmpoewsdT/src.linux-x86_64-2.6/fortranobject.h:63: error: expected declaration specifiers or ‘...’ before ‘npy_intp’
/tmp/tmpoewsdT/src.linux-x86_64-2.6/fortranobject.h:73: error: expected specifier-qualifier-list before ‘npy_intp’
/tmp/tmpoewsdT/src.linux-x86_64-2.6/fortranobject.h:85: error: expected specifier-qualifier-list before ‘PyObject_HEAD’
/tmp/tmpoewsdT/src.linux-x86_64-2.6/fortranobject.h:94: error: expected ‘=’, ‘,’, ‘;’, ‘asm’ or ‘__attribute__’ before ‘PyFortran_Type’
/tmp/tmpoewsdT/src.linux-x86_64-2.6/fortranobject.h:95: error: expected ‘)’ before ‘*’ token
/tmp/tmpoewsdT/src.linux-x86_64-2.6/fortranobject.h:96: error: expected ‘=’, ‘,’, ‘;’, ‘asm’ or ‘__attribute__’ before ‘*’ token
/tmp/tmpoewsdT/src.linux-x86_64-2.6/fortranobject.h:97: error: expected ‘=’, ‘,’, ‘;’, ‘asm’ or ‘__attribute__’ before ‘*’ token
/tmp/tmpoewsdT/src.linux-x86_64-2.6/fortranobject.h:111: error: expected declaration specifiers or ‘...’ before ‘npy_intp’
/tmp/tmpoewsdT/src.linux-x86_64-2.6/fortranobject.h:114: error: expected declaration specifiers or ‘...’ before ‘PyObject’
/tmp/tmpoewsdT/src.linux-x86_64-2.6/fortranobject.c:17: error: expected ‘)’ before ‘*’ token
/tmp/tmpoewsdT/src.linux-x86_64-2.6/fortranobject.c:32: error: expected ‘=’, ‘,’, ‘;’, ‘asm’ or ‘__attribute__’ before ‘*’ token
/tmp/tmpoewsdT/src.linux-x86_64-2.6/fortranobject.c:34: error: expected ‘=’, ‘,’, ‘;’, ‘asm’ or ‘__attribute__’ before ‘*’ token
/tmp/tmpoewsdT/src.linux-x86_64-2.6/fortranobject.c:75: error: expected ‘=’, ‘,’, ‘;’, ‘asm’ or ‘__attribute__’ before ‘*’ token
/tmp/tmpoewsdT/src.linux-x86_64-2.6/fortranobject.c: In function ‘fortran_dealloc’:
/tmp/tmpoewsdT/src.linux-x86_64-2.6/fortranobject.c:90: warning: implicit declaration of function ‘Py_XDECREF’
/tmp/tmpoewsdT/src.linux-x86_64-2.6/fortranobject.c:90: error: ‘PyFortranObject’ has no member named ‘dict’
/tmp/tmpoewsdT/src.linux-x86_64-2.6/fortranobject.c:91: warning: implicit declaration of function ‘PyMem_Del’
/tmp/tmpoewsdT/src.linux-x86_64-2.6/fortranobject.c: At top level:
/tmp/tmpoewsdT/src.linux-x86_64-2.6/fortranobject.c:95: error: expected ‘=’, ‘,’, ‘;’, ‘asm’ or ‘__attribute__’ before ‘fortran_methods’
/tmp/tmpoewsdT/src.linux-x86_64-2.6/fortranobject.c:100: error: expected ‘=’, ‘,’, ‘;’, ‘asm’ or ‘__attribute__’ before ‘*’ token
/tmp/tmpoewsdT/src.linux-x86_64-2.6/fortranobject.c:177: error: expected declaration specifiers or ‘...’ before ‘npy_intp’
/tmp/tmpoewsdT/src.linux-x86_64-2.6/fortranobject.c: In function ‘set_data’:
/tmp/tmpoewsdT/src.linux-x86_64-2.6/fortranobject.c:178: error: ‘f’ undeclared (first use in this function)
/tmp/tmpoewsdT/src.linux-x86_64-2.6/fortranobject.c:178: error: (Each undeclared identifier is reported only once
/tmp/tmpoewsdT/src.linux-x86_64-2.6/fortranobject.c:178: error: for each function it appears in.)
/tmp/tmpoewsdT/src.linux-x86_64-2.6/fortranobject.c:181: error: ‘NULL’ undeclared (first use in this function)
/tmp/tmpoewsdT/src.linux-x86_64-2.6/fortranobject.c: At top level:
/tmp/tmpoewsdT/src.linux-x86_64-2.6/fortranobject.c:185: error: expected ‘=’, ‘,’, ‘;’, ‘asm’ or ‘__attribute__’ before ‘*’ token
/tmp/tmpoewsdT/src.linux-x86_64-2.6/fortranobject.c:241: error: expected declaration specifiers or ‘...’ before ‘PyObject’
/tmp/tmpoewsdT/src.linux-x86_64-2.6/fortranobject.c: In function ‘fortran_setattr’:
/tmp/tmpoewsdT/src.linux-x86_64-2.6/fortranobject.c:243: error: ‘NULL’ undeclared (first use in this function)
/tmp/tmpoewsdT/src.linux-x86_64-2.6/fortranobject.c:244: error: ‘PyFortranObject’ has no member named ‘len’
/tmp/tmpoewsdT/src.linux-x86_64-2.6/fortranobject.c:244: warning: implicit declaration of function ‘strcmp’
/tmp/tmpoewsdT/src.linux-x86_64-2.6/fortranobject.c:244: error: ‘PyFortranObject’ has no member named ‘defs’
/tmp/tmpoewsdT/src.linux-x86_64-2.6/fortranobject.c:246: error: ‘PyFortranObject’ has no member named ‘defs’
/tmp/tmpoewsdT/src.linux-x86_64-2.6/fortranobject.c:247: warning: implicit declaration of function ‘PyErr_SetString’
/tmp/tmpoewsdT/src.linux-x86_64-2.6/fortranobject.c:247: error: ‘PyExc_AttributeError’ undeclared (first use in this function)
/tmp/tmpoewsdT/src.linux-x86_64-2.6/fortranobject.c:250: error: ‘PyFortranObject’ has no member named ‘defs’
/tmp/tmpoewsdT/src.linux-x86_64-2.6/fortranobject.c:251: error: ‘npy_intp’ undeclared (first use in this function)
/tmp/tmpoewsdT/src.linux-x86_64-2.6/fortranobject.c:251: error: expected ‘;’ before ‘dims’
/tmp/tmpoewsdT/src.linux-x86_64-2.6/fortranobject.c:253: error: ‘PyFortranObject’ has no member named ‘defs’
/tmp/tmpoewsdT/src.linux-x86_64-2.6/fortranobject.c:254: error: ‘v’ undeclared (first use in this function)
/tmp/tmpoewsdT/src.linux-x86_64-2.6/fortranobject.c:254: error: ‘Py_None’ undeclared (first use in this function)
/tmp/tmpoewsdT/src.linux-x86_64-2.6/fortranobject.c:257: error: ‘PyFortranObject’ has no member named ‘defs’
/tmp/tmpoewsdT/src.linux-x86_64-2.6/fortranobject.c:257: error: ‘dims’ undeclared (first use in this function)
/tmp/tmpoewsdT/src.linux-x86_64-2.6/fortranobject.c:258: error: ‘PyFortranObject’ has no member named ‘defs’
/tmp/tmpoewsdT/src.linux-x86_64-2.6/fortranobject.c:258: error: ‘PyFortranObject’ has no member named ‘defs’
/tmp/tmpoewsdT/src.linux-x86_64-2.6/fortranobject.c:258: error: too many arguments to function ‘array_from_pyobj’
/tmp/tmpoewsdT/src.linux-x86_64-2.6/fortranobject.c:260: error: ‘PyFortranObject’ has no member named ‘defs’
/tmp/tmpoewsdT/src.linux-x86_64-2.6/fortranobject.c:260: error: ‘PyFortranObject’ has no member named ‘defs’
/tmp/tmpoewsdT/src.linux-x86_64-2.6/fortranobject.c:260: error: ‘PyArrayObject’ has no member named ‘dimensions’
/tmp/tmpoewsdT/src.linux-x86_64-2.6/fortranobject.c:262: error: ‘PyFortranObject’ has no member named ‘defs’
/tmp/tmpoewsdT/src.linux-x86_64-2.6/fortranobject.c:263: error: ‘PyFortranObject’ has no member named ‘defs’
/tmp/tmpoewsdT/src.linux-x86_64-2.6/fortranobject.c:263: error: ‘PyFortranObject’ has no member named ‘defs’
/tmp/tmpoewsdT/src.linux-x86_64-2.6/fortranobject.c:264: error: ‘PyFortranObject’ has no member named ‘defs’
/tmp/tmpoewsdT/src.linux-x86_64-2.6/fortranobject.c:266: warning: implicit declaration of function ‘memcpy’
/tmp/tmpoewsdT/src.linux-x86_64-2.6/fortranobject.c:266: warning: incompatible implicit declaration of built-in function ‘memcpy’
/tmp/tmpoewsdT/src.linux-x86_64-2.6/fortranobject.c:266: error: ‘PyFortranObject’ has no member named ‘defs’
/tmp/tmpoewsdT/src.linux-x86_64-2.6/fortranobject.c:266: error: ‘PyFortranObject’ has no member named ‘defs’
/tmp/tmpoewsdT/src.linux-x86_64-2.6/fortranobject.c:268: error: ‘PyFortranObject’ has no member named ‘defs’
/tmp/tmpoewsdT/src.linux-x86_64-2.6/fortranobject.c:268: error: ‘PyFortranObject’ has no member named ‘defs’
/tmp/tmpoewsdT/src.linux-x86_64-2.6/fortranobject.c:268: error: ‘PyFortranObject’ has no member named ‘defs’
/tmp/tmpoewsdT/src.linux-x86_64-2.6/fortranobject.c:268: error: too many arguments to function ‘array_from_pyobj’
/tmp/tmpoewsdT/src.linux-x86_64-2.6/fortranobject.c:271: error: ‘PyFortranObject’ has no member named ‘defs’
/tmp/tmpoewsdT/src.linux-x86_64-2.6/fortranobject.c:272: error: expected ‘;’ before ‘s’
/tmp/tmpoewsdT/src.linux-x86_64-2.6/fortranobject.c:273: error: ‘s’ undeclared (first use in this function)
/tmp/tmpoewsdT/src.linux-x86_64-2.6/fortranobject.c:274: warning: implicit declaration of function ‘npy_intp’
/tmp/tmpoewsdT/src.linux-x86_64-2.6/fortranobject.c:274: error: expected expression before ‘)’ token
/tmp/tmpoewsdT/src.linux-x86_64-2.6/fortranobject.c:274: error: expected ‘)’ before ‘PyArray_API’
/tmp/tmpoewsdT/src.linux-x86_64-2.6/fortranobject.c:274: error: ‘PyArrayObject’ has no member named ‘dimensions’
/tmp/tmpoewsdT/src.linux-x86_64-2.6/fortranobject.c:274: error: ‘PyArrayObject’ has no member named ‘nd’
/tmp/tmpoewsdT/src.linux-x86_64-2.6/fortranobject.c:276: warning: incompatible implicit declaration of built-in function ‘memcpy’
/tmp/tmpoewsdT/src.linux-x86_64-2.6/fortranobject.c:276: error: ‘PyFortranObject’ has no member named ‘defs’
/tmp/tmpoewsdT/src.linux-x86_64-2.6/fortranobject.c:276: error: ‘PyArrayObject’ has no member named ‘data’
/tmp/tmpoewsdT/src.linux-x86_64-2.6/fortranobject.c:276: error: ‘PyArrayObject’ has no member named ‘descr’
/tmp/tmpoewsdT/src.linux-x86_64-2.6/fortranobject.c:277: error: ‘PyObject’ undeclared (first use in this function)
/tmp/tmpoewsdT/src.linux-x86_64-2.6/fortranobject.c:277: error: expected expression before ‘)’ token
/tmp/tmpoewsdT/src.linux-x86_64-2.6/fortranobject.c:278: warning: implicit declaration of function ‘Py_DECREF’
/tmp/tmpoewsdT/src.linux-x86_64-2.6/fortranobject.c:282: error: expected expression before ‘)’ token
/tmp/tmpoewsdT/src.linux-x86_64-2.6/fortranobject.c:285: error: ‘PyFortranObject’ has no member named ‘defs’
/tmp/tmpoewsdT/src.linux-x86_64-2.6/fortranobject.c:288: error: ‘PyFortranObject’ has no member named ‘dict’
/tmp/tmpoewsdT/src.linux-x86_64-2.6/fortranobject.c:289: error: ‘PyFortranObject’ has no member named ‘dict’
/tmp/tmpoewsdT/src.linux-x86_64-2.6/fortranobject.c:289: warning: implicit declaration of function ‘PyDict_New’
/tmp/tmpoewsdT/src.linux-x86_64-2.6/fortranobject.c:290: error: ‘PyFortranObject’ has no member named ‘dict’
/tmp/tmpoewsdT/src.linux-x86_64-2.6/fortranobject.c:294: warning: implicit declaration of function ‘PyDict_DelItemString’
/tmp/tmpoewsdT/src.linux-x86_64-2.6/fortranobject.c:294: error: ‘PyFortranObject’ has no member named ‘dict’
/tmp/tmpoewsdT/src.linux-x86_64-2.6/fortranobject.c:300: warning: implicit declaration of function ‘PyDict_SetItemString’
/tmp/tmpoewsdT/src.linux-x86_64-2.6/fortranobject.c:300: error: ‘PyFortranObject’ has no member named ‘dict’
/tmp/tmpoewsdT/src.linux-x86_64-2.6/fortranobject.c: At top level:
/tmp/tmpoewsdT/src.linux-x86_64-2.6/fortranobject.c:303: error: expected ‘=’, ‘,’, ‘;’, ‘asm’ or ‘__attribute__’ before ‘*’ token
/tmp/tmpoewsdT/src.linux-x86_64-2.6/fortranobject.c:326: error: expected ‘=’, ‘,’, ‘;’, ‘asm’ or ‘__attribute__’ before ‘PyFortran_Type’
/tmp/tmpoewsdT/src.linux-x86_64-2.6/fortranobject.c:480: warning: type defaults to ‘int’ in declaration of ‘npy_intp’
/tmp/tmpoewsdT/src.linux-x86_64-2.6/fortranobject.c:480: error: expected ‘;’, ‘,’ or ‘)’ before ‘*’ token
/tmp/tmpoewsdT/src.linux-x86_64-2.6/fortranobject.c:491: error: expected declaration specifiers or ‘...’ before ‘npy_intp’
/tmp/tmpoewsdT/src.linux-x86_64-2.6/fortranobject.c: In function ‘swap_arrays’:
/tmp/tmpoewsdT/src.linux-x86_64-2.6/fortranobject.c:517: error: ‘PyArrayObject’ has no member named ‘data’
/tmp/tmpoewsdT/src.linux-x86_64-2.6/fortranobject.c:517: error: ‘PyArrayObject’ has no member named ‘data’
/tmp/tmpoewsdT/src.linux-x86_64-2.6/fortranobject.c:517: error: ‘PyArrayObject’ has no member named ‘data’
/tmp/tmpoewsdT/src.linux-x86_64-2.6/fortranobject.c:517: error: ‘PyArrayObject’ has no member named ‘data’
/tmp/tmpoewsdT/src.linux-x86_64-2.6/fortranobject.c:518: error: ‘PyArrayObject’ has no member named ‘nd’
/tmp/tmpoewsdT/src.linux-x86_64-2.6/fortranobject.c:518: error: ‘PyArrayObject’ has no member named ‘nd’
/tmp/tmpoewsdT/src.linux-x86_64-2.6/fortranobject.c:518: error: ‘PyArrayObject’ has no member named ‘nd’
/tmp/tmpoewsdT/src.linux-x86_64-2.6/fortranobject.c:518: error: ‘PyArrayObject’ has no member named ‘nd’
/tmp/tmpoewsdT/src.linux-x86_64-2.6/fortranobject.c:519: error: ‘npy_intp’ undeclared (first use in this function)
/tmp/tmpoewsdT/src.linux-x86_64-2.6/fortranobject.c:519: error: ‘c’ undeclared (first use in this function)
/tmp/tmpoewsdT/src.linux-x86_64-2.6/fortranobject.c:519: error: ‘PyArrayObject’ has no member named ‘dimensions’
/tmp/tmpoewsdT/src.linux-x86_64-2.6/fortranobject.c:519: error: ‘PyArrayObject’ has no member named ‘dimensions’
/tmp/tmpoewsdT/src.linux-x86_64-2.6/fortranobject.c:519: error: ‘PyArrayObject’ has no member named ‘dimensions’
/tmp/tmpoewsdT/src.linux-x86_64-2.6/fortranobject.c:519: error: ‘PyArrayObject’ has no member named ‘dimensions’
/tmp/tmpoewsdT/src.linux-x86_64-2.6/fortranobject.c:520: error: ‘PyArrayObject’ has no member named ‘strides’
/tmp/tmpoewsdT/src.linux-x86_64-2.6/fortranobject.c:520: error: ‘PyArrayObject’ has no member named ‘strides’
/tmp/tmpoewsdT/src.linux-x86_64-2.6/fortranobject.c:520: error: ‘PyArrayObject’ has no member named ‘strides’
/tmp/tmpoewsdT/src.linux-x86_64-2.6/fortranobject.c:520: error: ‘PyArrayObject’ has no member named ‘strides’
/tmp/tmpoewsdT/src.linux-x86_64-2.6/fortranobject.c:521: error: ‘PyObject’ undeclared (first use in this function)
/tmp/tmpoewsdT/src.linux-x86_64-2.6/fortranobject.c:521: error: ‘PyArrayObject’ has no member named ‘base’
/tmp/tmpoewsdT/src.linux-x86_64-2.6/fortranobject.c:521: error: ‘PyArrayObject’ has no member named ‘base’
/tmp/tmpoewsdT/src.linux-x86_64-2.6/fortranobject.c:521: error: ‘PyArrayObject’ has no member named ‘base’
/tmp/tmpoewsdT/src.linux-x86_64-2.6/fortranobject.c:521: error: ‘PyArrayObject’ has no member named ‘base’
/tmp/tmpoewsdT/src.linux-x86_64-2.6/fortranobject.c:522: error: ‘PyArrayObject’ has no member named ‘descr’
/tmp/tmpoewsdT/src.linux-x86_64-2.6/fortranobject.c:522: error: ‘PyArrayObject’ has no member named ‘descr’
/tmp/tmpoewsdT/src.linux-x86_64-2.6/fortranobject.c:522: error: ‘PyArrayObject’ has no member named ‘descr’
/tmp/tmpoewsdT/src.linux-x86_64-2.6/fortranobject.c:522: error: ‘PyArrayObject’ has no member named ‘descr’
/tmp/tmpoewsdT/src.linux-x86_64-2.6/fortranobject.c:523: error: ‘PyArrayObject’ has no member named ‘flags’
/tmp/tmpoewsdT/src.linux-x86_64-2.6/fortranobject.c:523: error: ‘PyArrayObject’ has no member named ‘flags’
/tmp/tmpoewsdT/src.linux-x86_64-2.6/fortranobject.c:523: error: ‘PyArrayObject’ has no member named ‘flags’
/tmp/tmpoewsdT/src.linux-x86_64-2.6/fortranobject.c:523: error: ‘PyArrayObject’ has no member named ‘flags’
/tmp/tmpoewsdT/src.linux-x86_64-2.6/fortranobject.c: At top level:
/tmp/tmpoewsdT/src.linux-x86_64-2.6/fortranobject.c:536: error: expected declaration specifiers or ‘...’ before ‘npy_intp’
/tmp/tmpoewsdT/src.linux-x86_64-2.6/fortranobject.c:539: error: expected declaration specifiers or ‘...’ before ‘PyObject’
/tmp/tmpoewsdT/src.linux-x86_64-2.6/fortranobject.c: In function ‘array_from_pyobj’:
/tmp/tmpoewsdT/src.linux-x86_64-2.6/fortranobject.c:552: error: ‘NULL’ undeclared (first use in this function)
/tmp/tmpoewsdT/src.linux-x86_64-2.6/fortranobject.c:558: error: ‘obj’ undeclared (first use in this function)
/tmp/tmpoewsdT/src.linux-x86_64-2.6/fortranobject.c:558: error: ‘Py_None’ undeclared (first use in this function)
/tmp/tmpoewsdT/src.linux-x86_64-2.6/fortranobject.c:562: warning: implicit declaration of function ‘count_nonpos’
/tmp/tmpoewsdT/src.linux-x86_64-2.6/fortranobject.c:562: error: ‘dims’ undeclared (first use in this function)
/tmp/tmpoewsdT/src.linux-x86_64-2.6/fortranobject.c:564: warning: implicit declaration of function ‘sprintf’
/tmp/tmpoewsdT/src.linux-x86_64-2.6/fortranobject.c:564: warning: incompatible implicit declaration of built-in function ‘sprintf’
/tmp/tmpoewsdT/src.linux-x86_64-2.6/fortranobject.c:567: warning: implicit declaration of function ‘strlen’
/tmp/tmpoewsdT/src.linux-x86_64-2.6/fortranobject.c:567: warning: incompatible implicit declaration of built-in function ‘strlen’
/tmp/tmpoewsdT/src.linux-x86_64-2.6/fortranobject.c:569: error: ‘PyExc_ValueError’ undeclared (first use in this function)
/tmp/tmpoewsdT/src.linux-x86_64-2.6/fortranobject.c:573: error: ‘PyObject’ undeclared (first use in this function)
/tmp/tmpoewsdT/src.linux-x86_64-2.6/fortranobject.c:573: error: expected expression before ‘)’ token
/tmp/tmpoewsdT/src.linux-x86_64-2.6/fortranobject.c:573: error: ‘PyTypeObject’ undeclared (first use in this function)
/tmp/tmpoewsdT/src.linux-x86_64-2.6/fortranobject.c:573: error: expected ‘)’ before ‘PyArray_API’
/tmp/tmpoewsdT/src.linux-x86_64-2.6/fortranobject.c:573: error: expected expression before ‘)’ token
/tmp/tmpoewsdT/src.linux-x86_64-2.6/fortranobject.c:579: warning: implicit declaration of function ‘memset’
/tmp/tmpoewsdT/src.linux-x86_64-2.6/fortranobject.c:579: warning: incompatible implicit declaration of built-in function ‘memset’
/tmp/tmpoewsdT/src.linux-x86_64-2.6/fortranobject.c:579: error: ‘PyArrayObject’ has no member named ‘data’
/tmp/tmpoewsdT/src.linux-x86_64-2.6/fortranobject.c:579: error: ‘PyArrayObject’ has no member named ‘descr’
/tmp/tmpoewsdT/src.linux-x86_64-2.6/fortranobject.c:579: error: expected expression before ‘)’ token
/tmp/tmpoewsdT/src.linux-x86_64-2.6/fortranobject.c:579: error: expected ‘)’ before ‘PyArray_API’
/tmp/tmpoewsdT/src.linux-x86_64-2.6/fortranobject.c:579: error: ‘PyArrayObject’ has no member named ‘dimensions’
/tmp/tmpoewsdT/src.linux-x86_64-2.6/fortranobject.c:579: error: ‘PyArrayObject’ has no member named ‘nd’
/tmp/tmpoewsdT/src.linux-x86_64-2.6/fortranobject.c:584: error: ‘PyArray_Descr’ has no member named ‘elsize’
/tmp/tmpoewsdT/src.linux-x86_64-2.6/fortranobject.c:585: error: ‘PyArray_Descr’ has no member named ‘type’
/tmp/tmpoewsdT/src.linux-x86_64-2.6/fortranobject.c:587: warning: implicit declaration of function ‘PyObject_TypeCheck’
/tmp/tmpoewsdT/src.linux-x86_64-2.6/fortranobject.c:587: error: expected expression before ‘)’ token
/tmp/tmpoewsdT/src.linux-x86_64-2.6/fortranobject.c:594: error: too many arguments to function ‘check_and_fix_dimensions’
/tmp/tmpoewsdT/src.linux-x86_64-2.6/fortranobject.c:598: warning: implicit declaration of function ‘Py_INCREF’
/tmp/tmpoewsdT/src.linux-x86_64-2.6/fortranobject.c:601: warning: incompatible implicit declaration of built-in function ‘sprintf’
/tmp/tmpoewsdT/src.linux-x86_64-2.6/fortranobject.c:603: warning: incompatible implicit declaration of built-in function ‘strlen’
/tmp/tmpoewsdT/src.linux-x86_64-2.6/fortranobject.c:604: error: ‘PyArrayObject’ has no member named ‘descr’
/tmp/tmpoewsdT/src.linux-x86_64-2.6/fortranobject.c:606: error: ‘PyArrayObject’ has no member named ‘descr’
/tmp/tmpoewsdT/src.linux-x86_64-2.6/fortranobject.c:614: error: too many arguments to function ‘check_and_fix_dimensions’
/tmp/tmpoewsdT/src.linux-x86_64-2.6/fortranobject.c:619: error: ‘PyArrayObject’ has no member named ‘descr’
/tmp/tmpoewsdT/src.linux-x86_64-2.6/fortranobject.c:620: error: ‘PyArrayObject’ has no member named ‘descr’
/tmp/tmpoewsdT/src.linux-x86_64-2.6/fortranobject.c:620: error: ‘PyArrayObject’ has no member named ‘descr’
/tmp/tmpoewsdT/src.linux-x86_64-2.6/fortranobject.c:620: error: ‘PyArrayObject’ has no member named ‘descr’
/tmp/tmpoewsdT/src.linux-x86_64-2.6/fortranobject.c:620: error: ‘PyArrayObject’ has no member named ‘descr’
/tmp/tmpoewsdT/src.linux-x86_64-2.6/fortranobject.c:620: error: ‘PyArrayObject’ has no member named ‘descr’
/tmp/tmpoewsdT/src.linux-x86_64-2.6/fortranobject.c:620: error: ‘PyArrayObject’ has no member named ‘descr’
/tmp/tmpoewsdT/src.linux-x86_64-2.6/fortranobject.c:622: error: ‘PyArrayObject’ has no member named ‘flags’
/tmp/tmpoewsdT/src.linux-x86_64-2.6/fortranobject.c:622: error: ‘PyArrayObject’ has no member named ‘descr’
/tmp/tmpoewsdT/src.linux-x86_64-2.6/fortranobject.c:622: error: ‘PyArrayObject’ has no member named ‘flags’
/tmp/tmpoewsdT/src.linux-x86_64-2.6/fortranobject.c:622: error: ‘PyArrayObject’ has no member named ‘descr’
/tmp/tmpoewsdT/src.linux-x86_64-2.6/fortranobject.c:632: warning: incompatible implicit declaration of built-in function ‘sprintf’
/tmp/tmpoewsdT/src.linux-x86_64-2.6/fortranobject.c:633: error: ‘PyArrayObject’ has no member named ‘flags’
/tmp/tmpoewsdT/src.linux-x86_64-2.6/fortranobject.c:633: error: ‘PyArrayObject’ has no member named ‘descr’
/tmp/tmpoewsdT/src.linux-x86_64-2.6/fortranobject.c:634: warning: incompatible implicit declaration of built-in function ‘strlen’
/tmp/tmpoewsdT/src.linux-x86_64-2.6/fortranobject.c:635: error: ‘PyArrayObject’ has no member named ‘flags’
/tmp/tmpoewsdT/src.linux-x86_64-2.6/fortranobject.c:635: error: ‘PyArrayObject’ has no member named ‘descr’
/tmp/tmpoewsdT/src.linux-x86_64-2.6/fortranobject.c:637: error: ‘PyArrayObject’ has no member named ‘descr’
/tmp/tmpoewsdT/src.linux-x86_64-2.6/fortranobject.c:640: error: ‘PyArrayObject’ has no member named ‘descr’
/tmp/tmpoewsdT/src.linux-x86_64-2.6/fortranobject.c:642: error: ‘PyArrayObject’ has no member named ‘descr’
/tmp/tmpoewsdT/src.linux-x86_64-2.6/fortranobject.c:642: error: ‘PyArrayObject’ has no member named ‘descr’
/tmp/tmpoewsdT/src.linux-x86_64-2.6/fortranobject.c:642: error: ‘PyArrayObject’ has no member named ‘descr’
/tmp/tmpoewsdT/src.linux-x86_64-2.6/fortranobject.c:642: error: ‘PyArrayObject’ has no member named ‘descr’
/tmp/tmpoewsdT/src.linux-x86_64-2.6/fortranobject.c:642: error: ‘PyArrayObject’ has no member named ‘descr’
/tmp/tmpoewsdT/src.linux-x86_64-2.6/fortranobject.c:642: error: ‘PyArrayObject’ has no member named ‘descr’
/tmp/tmpoewsdT/src.linux-x86_64-2.6/fortranobject.c:644: error: ‘PyArrayObject’ has no member named ‘descr’
/tmp/tmpoewsdT/src.linux-x86_64-2.6/fortranobject.c:653: error: expected expression before ‘)’ token
/tmp/tmpoewsdT/src.linux-x86_64-2.6/fortranobject.c:653: error: expected ‘)’ before ‘PyArray_API’
/tmp/tmpoewsdT/src.linux-x86_64-2.6/fortranobject.c:653: error: expected expression before ‘)’ token
/tmp/tmpoewsdT/src.linux-x86_64-2.6/fortranobject.c:653: error: ‘PyArrayObject’ has no member named ‘nd’
/tmp/tmpoewsdT/src.linux-x86_64-2.6/fortranobject.c:653: error: ‘PyArrayObject’ has no member named ‘dimensions’
/tmp/tmpoewsdT/src.linux-x86_64-2.6/fortranobject.c:680: warning: incompatible implicit declaration of built-in function ‘sprintf’
/tmp/tmpoewsdT/src.linux-x86_64-2.6/fortranobject.c:682: warning: implicit declaration of function ‘PyString_AsString’
/tmp/tmpoewsdT/src.linux-x86_64-2.6/fortranobject.c:682: warning: implicit declaration of function ‘PyObject_Str’
/tmp/tmpoewsdT/src.linux-x86_64-2.6/fortranobject.c:682: warning: implicit declaration of function ‘PyObject_Type’
/tmp/tmpoewsdT/src.linux-x86_64-2.6/fortranobject.c:684: error: ‘PyExc_TypeError’ undeclared (first use in this function)
/tmp/tmpoewsdT/src.linux-x86_64-2.6/fortranobject.c:691: error: expected expression before ‘)’ token
/tmp/tmpoewsdT/src.linux-x86_64-2.6/fortranobject.c:691: error: expected ‘)’ before ‘PyArray_API’
/tmp/tmpoewsdT/src.linux-x86_64-2.6/fortranobject.c:696: error: too many arguments to function ‘check_and_fix_dimensions’
/tmp/tmpoewsdT/src.linux-x86_64-2.6/fortranobject.c: At top level:
/tmp/tmpoewsdT/src.linux-x86_64-2.6/fortranobject.c:708: error: expected declaration specifiers or ‘...’ before ‘npy_intp’
/tmp/tmpoewsdT/src.linux-x86_64-2.6/fortranobject.c: In function ‘check_and_fix_dimensions’:
/tmp/tmpoewsdT/src.linux-x86_64-2.6/fortranobject.c:714: error: expected ‘=’, ‘,’, ‘;’, ‘asm’ or ‘__attribute__’ before ‘arr_size’
/tmp/tmpoewsdT/src.linux-x86_64-2.6/fortranobject.c:714: error: ‘arr_size’ undeclared (first use in this function)
/tmp/tmpoewsdT/src.linux-x86_64-2.6/fortranobject.c:714: error: ‘PyArrayObject’ has no member named ‘nd’
/tmp/tmpoewsdT/src.linux-x86_64-2.6/fortranobject.c:714: error: expected expression before ‘)’ token
/tmp/tmpoewsdT/src.linux-x86_64-2.6/fortranobject.c:714: error: ‘PyObject’ undeclared (first use in this function)
/tmp/tmpoewsdT/src.linux-x86_64-2.6/fortranobject.c:714: error: expected ‘)’ before ‘PyArray_API’
/tmp/tmpoewsdT/src.linux-x86_64-2.6/fortranobject.c:714: error: expected expression before ‘)’ token
/tmp/tmpoewsdT/src.linux-x86_64-2.6/fortranobject.c:720: error: ‘PyArrayObject’ has no member named ‘nd’
/tmp/tmpoewsdT/src.linux-x86_64-2.6/fortranobject.c:721: warning: statement with no effect
/tmp/tmpoewsdT/src.linux-x86_64-2.6/fortranobject.c:721: error: expected ‘;’ before ‘new_size’
/tmp/tmpoewsdT/src.linux-x86_64-2.6/fortranobject.c:724: warning: statement with no effect
/tmp/tmpoewsdT/src.linux-x86_64-2.6/fortranobject.c:724: error: expected ‘;’ before ‘d’
/tmp/tmpoewsdT/src.linux-x86_64-2.6/fortranobject.c:726: error: ‘PyArrayObject’ has no member named ‘nd’
/tmp/tmpoewsdT/src.linux-x86_64-2.6/fortranobject.c:727: error: ‘d’ undeclared (first use in this function)
/tmp/tmpoewsdT/src.linux-x86_64-2.6/fortranobject.c:727: error: ‘PyArrayObject’ has no member named ‘dimensions’
/tmp/tmpoewsdT/src.linux-x86_64-2.6/fortranobject.c:728: error: ‘dims’ undeclared (first use in this function)
/tmp/tmpoewsdT/src.linux-x86_64-2.6/fortranobject.c:730: warning: implicit declaration of function ‘fprintf’
/tmp/tmpoewsdT/src.linux-x86_64-2.6/fortranobject.c:730: warning: incompatible implicit declaration of built-in function ‘fprintf’
/tmp/tmpoewsdT/src.linux-x86_64-2.6/fortranobject.c:730: error: ‘stderr’ undeclared (first use in this function)
/tmp/tmpoewsdT/src.linux-x86_64-2.6/fortranobject.c:739: error: ‘new_size’ undeclared (first use in this function)
/tmp/tmpoewsdT/src.linux-x86_64-2.6/fortranobject.c:741: error: ‘PyArrayObject’ has no member named ‘nd’
/tmp/tmpoewsdT/src.linux-x86_64-2.6/fortranobject.c:743: warning: incompatible implicit declaration of built-in function ‘fprintf’
/tmp/tmpoewsdT/src.linux-x86_64-2.6/fortranobject.c:756: warning: incompatible implicit declaration of built-in function ‘fprintf’
/tmp/tmpoewsdT/src.linux-x86_64-2.6/fortranobject.c:761: error: ‘PyArrayObject’ has no member named ‘nd’
/tmp/tmpoewsdT/src.linux-x86_64-2.6/fortranobject.c:762: warning: statement with no effect
/tmp/tmpoewsdT/src.linux-x86_64-2.6/fortranobject.c:762: error: expected ‘;’ before ‘new_size’
/tmp/tmpoewsdT/src.linux-x86_64-2.6/fortranobject.c:764: warning: statement with no effect
/tmp/tmpoewsdT/src.linux-x86_64-2.6/fortranobject.c:764: error: expected ‘;’ before ‘d’
/tmp/tmpoewsdT/src.linux-x86_64-2.6/fortranobject.c:766: error: ‘PyArrayObject’ has no member named ‘dimensions’
/tmp/tmpoewsdT/src.linux-x86_64-2.6/fortranobject.c:769: warning: incompatible implicit declaration of built-in function ‘fprintf’
/tmp/tmpoewsdT/src.linux-x86_64-2.6/fortranobject.c:779: warning: incompatible implicit declaration of built-in function ‘fprintf’
/tmp/tmpoewsdT/src.linux-x86_64-2.6/fortranobject.c:785: warning: statement with no effect
/tmp/tmpoewsdT/src.linux-x86_64-2.6/fortranobject.c:785: error: expected ‘;’ before ‘d’
/tmp/tmpoewsdT/src.linux-x86_64-2.6/fortranobject.c:787: warning: statement with no effect
/tmp/tmpoewsdT/src.linux-x86_64-2.6/fortranobject.c:787: error: expected ‘;’ before ‘size’
/tmp/tmpoewsdT/src.linux-x86_64-2.6/fortranobject.c:788: error: ‘PyArrayObject’ has no member named ‘nd’
/tmp/tmpoewsdT/src.linux-x86_64-2.6/fortranobject.c:789: error: ‘PyArrayObject’ has no member named ‘dimensions’
/tmp/tmpoewsdT/src.linux-x86_64-2.6/fortranobject.c:792: warning: incompatible implicit declaration of built-in function ‘fprintf’
/tmp/tmpoewsdT/src.linux-x86_64-2.6/fortranobject.c:793: error: ‘PyArrayObject’ has no member named ‘nd’
/tmp/tmpoewsdT/src.linux-x86_64-2.6/fortranobject.c:798: error: ‘PyArrayObject’ has no member named ‘nd’
/tmp/tmpoewsdT/src.linux-x86_64-2.6/fortranobject.c:798: error: ‘PyArrayObject’ has no member named ‘dimensions’
/tmp/tmpoewsdT/src.linux-x86_64-2.6/fortranobject.c:799: error: ‘PyArrayObject’ has no member named ‘nd’
/tmp/tmpoewsdT/src.linux-x86_64-2.6/fortranobject.c:800: error: ‘PyArrayObject’ has no member named ‘dimensions’
/tmp/tmpoewsdT/src.linux-x86_64-2.6/fortranobject.c:803: warning: incompatible implicit declaration of built-in function ‘fprintf’
/tmp/tmpoewsdT/src.linux-x86_64-2.6/fortranobject.c:813: error: ‘PyArrayObject’ has no member named ‘nd’
/tmp/tmpoewsdT/src.linux-x86_64-2.6/fortranobject.c:814: error: ‘PyArrayObject’ has no member named ‘nd’
/tmp/tmpoewsdT/src.linux-x86_64-2.6/fortranobject.c:814: error: ‘PyArrayObject’ has no member named ‘dimensions’
/tmp/tmpoewsdT/src.linux-x86_64-2.6/fortranobject.c:815: error: ‘PyArrayObject’ has no member named ‘nd’
/tmp/tmpoewsdT/src.linux-x86_64-2.6/fortranobject.c:816: error: ‘PyArrayObject’ has no member named ‘dimensions’
/tmp/tmpoewsdT/src.linux-x86_64-2.6/fortranobject.c:819: error: ‘size’ undeclared (first use in this function)
/tmp/tmpoewsdT/src.linux-x86_64-2.6/fortranobject.c:821: warning: incompatible implicit declaration of built-in function ‘fprintf’
/tmp/tmpoewsdT/src.linux-x86_64-2.6/fortranobject.c:823: error: ‘PyArrayObject’ has no member named ‘nd’
/tmp/tmpoewsdT/src.linux-x86_64-2.6/fortranobject.c:826: error: ‘PyArrayObject’ has no member named ‘nd’
/tmp/tmpoewsdT/src.linux-x86_64-2.6/fortranobject.c:826: error: ‘PyArrayObject’ has no member named ‘dimensions’
In file included from /tmp/tmpoewsdT/src.linux-x86_64-2.6/fortranobject.c:2:
/tmp/tmpoewsdT/src.linux-x86_64-2.6/fortranobject.h:7:20: error: Python.h: No such file or directory
In file included from /usr/lib/python2.6/dist-packages/numpy/core/include/numpy/ndarrayobject.h:61,
                 from /usr/lib/python2.6/dist-packages/numpy/core/include/numpy/arrayobject.h:14,
                 from /tmp/tmpoewsdT/src.linux-x86_64-2.6/fortranobject.h:13,
                 from /tmp/tmpoewsdT/src.linux-x86_64-2.6/fortranobject.c:2:
/usr/lib/python2.6/dist-packages/numpy/core/include/numpy/npy_common.h:71:2: error: #error Must use Python with unicode enabled.
In file included from /usr/lib/python2.6/dist-packages/numpy/core/include/numpy/arrayobject.h:14,
                 from /tmp/tmpoewsdT/src.linux-x86_64-2.6/fortranobject.h:13,
                 from /tmp/tmpoewsdT/src.linux-x86_64-2.6/fortranobject.c:2:
/usr/lib/python2.6/dist-packages/numpy/core/include/numpy/ndarrayobject.h:181: error: expected ‘=’, ‘,’, ‘;’, ‘asm’ or ‘__attribute__’ before ‘npy_intp’
/usr/lib/python2.6/dist-packages/numpy/core/include/numpy/ndarrayobject.h:182: error: expected ‘=’, ‘,’, ‘;’, ‘asm’ or ‘__attribute__’ before ‘npy_uintp’
/usr/lib/python2.6/dist-packages/numpy/core/include/numpy/ndarrayobject.h:284: error: expected ‘=’, ‘,’, ‘;’, ‘asm’ or ‘__attribute__’ before ‘*’ token
/usr/lib/python2.6/dist-packages/numpy/core/include/numpy/ndarrayobject.h:285: error: expected ‘)’ before ‘*’ token
/usr/lib/python2.6/dist-packages/numpy/core/include/numpy/ndarrayobject.h:287: error: expected declaration specifiers or ‘...’ before ‘npy_intp’
/usr/lib/python2.6/dist-packages/numpy/core/include/numpy/ndarrayobject.h:287: error: expected declaration specifiers or ‘...’ before ‘npy_intp’
/usr/lib/python2.6/dist-packages/numpy/core/include/numpy/ndarrayobject.h:288: error: expected declaration specifiers or ‘...’ before ‘npy_intp’
/usr/lib/python2.6/dist-packages/numpy/core/include/numpy/ndarrayobject.h:298: error: expected declaration specifiers or ‘...’ before ‘npy_intp’
/usr/lib/python2.6/dist-packages/numpy/core/include/numpy/ndarrayobject.h:298: error: expected declaration specifiers or ‘...’ before ‘npy_intp’
/usr/lib/python2.6/dist-packages/numpy/core/include/numpy/ndarrayobject.h:300: error: expected declaration specifiers or ‘...’ before ‘npy_intp’
/usr/lib/python2.6/dist-packages/numpy/core/include/numpy/ndarrayobject.h:300: error: expected declaration specifiers or ‘...’ before ‘npy_intp’
/usr/lib/python2.6/dist-packages/numpy/core/include/numpy/ndarrayobject.h:301: error: expected declaration specifiers or ‘...’ before ‘npy_intp’
/usr/lib/python2.6/dist-packages/numpy/core/include/numpy/ndarrayobject.h:303: error: expected declaration specifiers or ‘...’ before ‘npy_intp’
/usr/lib/python2.6/dist-packages/numpy/core/include/numpy/ndarrayobject.h:308: error: expected ‘)’ before ‘*’ token
/usr/lib/python2.6/dist-packages/numpy/core/include/numpy/ndarrayobject.h:313: error: expected declaration specifiers or ‘...’ before ‘npy_intp’
/usr/lib/python2.6/dist-packages/numpy/core/include/numpy/ndarrayobject.h:315: error: expected declaration specifiers or ‘...’ before ‘npy_intp’
/usr/lib/python2.6/dist-packages/numpy/core/include/numpy/ndarrayobject.h:316: error: expected declaration specifiers or ‘...’ before ‘npy_intp’
/usr/lib/python2.6/dist-packages/numpy/core/include/numpy/ndarrayobject.h:316: error: expected declaration specifiers or ‘...’ before ‘npy_intp’
/usr/lib/python2.6/dist-packages/numpy/core/include/numpy/ndarrayobject.h:318: error: expected declaration specifiers or ‘...’ before ‘npy_intp’
/usr/lib/python2.6/dist-packages/numpy/core/include/numpy/ndarrayobject.h:322: error: expected declaration specifiers or ‘...’ before ‘npy_intp’
/usr/lib/python2.6/dist-packages/numpy/core/include/numpy/ndarrayobject.h:324: error: expected declaration specifiers or ‘...’ before ‘npy_intp’
/usr/lib/python2.6/dist-packages/numpy/core/include/numpy/ndarrayobject.h:325: error: expected declaration specifiers or ‘...’ before ‘npy_intp’
/usr/lib/python2.6/dist-packages/numpy/core/include/numpy/ndarrayobject.h:326: error: expected declaration specifiers or ‘...’ before ‘npy_intp’
/usr/lib/python2.6/dist-packages/numpy/core/include/numpy/ndarrayobject.h:327: error: expected declaration specifiers or ‘...’ before ‘npy_intp’
/usr/lib/python2.6/dist-packages/numpy/core/include/numpy/ndarrayobject.h:327: error: expected declaration specifiers or ‘...’ before ‘npy_intp’
/usr/lib/python2.6/dist-packages/numpy/core/include/numpy/ndarrayobject.h:328: error: expected declaration specifiers or ‘...’ before ‘npy_intp’
/usr/lib/python2.6/dist-packages/numpy/core/include/numpy/ndarrayobject.h:328: error: expected declaration specifiers or ‘...’ before ‘npy_intp’
/usr/lib/python2.6/dist-packages/numpy/core/include/numpy/ndarrayobject.h:332: error: expected specifier-qualifier-list before ‘npy_intp’
/usr/lib/python2.6/dist-packages/numpy/core/include/numpy/ndarrayobject.h:345: error: expected specifier-qualifier-list before ‘PyArray_GetItemFunc’
/usr/lib/python2.6/dist-packages/numpy/core/include/numpy/ndarrayobject.h:446: error: expected specifier-qualifier-list before ‘PyObject_HEAD’
/usr/lib/python2.6/dist-packages/numpy/core/include/numpy/ndarrayobject.h:478: error: expected specifier-qualifier-list before ‘PyObject’
/usr/lib/python2.6/dist-packages/numpy/core/include/numpy/ndarrayobject.h:488: error: expected specifier-qualifier-list before ‘PyObject_HEAD’
/usr/lib/python2.6/dist-packages/numpy/core/include/numpy/ndarrayobject.h:513: error: expected specifier-qualifier-list before ‘PyObject_HEAD’
/usr/lib/python2.6/dist-packages/numpy/core/include/numpy/ndarrayobject.h:521: error: expected specifier-qualifier-list before ‘PyObject_HEAD’
/usr/lib/python2.6/dist-packages/numpy/core/include/numpy/ndarrayobject.h:528: error: expected declaration specifiers or ‘...’ before ‘PyObject’
/usr/lib/python2.6/dist-packages/numpy/core/include/numpy/ndarrayobject.h:670: error: expected specifier-qualifier-list before ‘PyObject_HEAD’
/usr/lib/python2.6/dist-packages/numpy/core/include/numpy/ndarrayobject.h:817: error: expected specifier-qualifier-list before ‘PyObject_HEAD’
/usr/lib/python2.6/dist-packages/numpy/core/include/numpy/ndarrayobject.h:871: error: expected specifier-qualifier-list before ‘PyObject_HEAD’
/usr/lib/python2.6/dist-packages/numpy/core/include/numpy/ndarrayobject.h:1084: error: expected specifier-qualifier-list before ‘npy_intp’
In file included from /tmp/tmpoewsdT/src.linux-x86_64-2.6/fortranobject.c:2:
/tmp/tmpoewsdT/src.linux-x86_64-2.6/fortranobject.h:61: error: expected declaration specifiers or ‘...’ before ‘npy_intp’
/tmp/tmpoewsdT/src.linux-x86_64-2.6/fortranobject.h:63: error: expected declaration specifiers or ‘...’ before ‘npy_intp’
/tmp/tmpoewsdT/src.linux-x86_64-2.6/fortranobject.h:73: error: expected specifier-qualifier-list before ‘npy_intp’
/tmp/tmpoewsdT/src.linux-x86_64-2.6/fortranobject.h:85: error: expected specifier-qualifier-list before ‘PyObject_HEAD’
/tmp/tmpoewsdT/src.linux-x86_64-2.6/fortranobject.h:94: error: expected ‘=’, ‘,’, ‘;’, ‘asm’ or ‘__attribute__’ before ‘PyFortran_Type’
/tmp/tmpoewsdT/src.linux-x86_64-2.6/fortranobject.h:95: error: expected ‘)’ before ‘*’ token
/tmp/tmpoewsdT/src.linux-x86_64-2.6/fortranobject.h:96: error: expected ‘=’, ‘,’, ‘;’, ‘asm’ or ‘__attribute__’ before ‘*’ token
/tmp/tmpoewsdT/src.linux-x86_64-2.6/fortranobject.h:97: error: expected ‘=’, ‘,’, ‘;’, ‘asm’ or ‘__attribute__’ before ‘*’ token
/tmp/tmpoewsdT/src.linux-x86_64-2.6/fortranobject.h:111: error: expected declaration specifiers or ‘...’ before ‘npy_intp’
/tmp/tmpoewsdT/src.linux-x86_64-2.6/fortranobject.h:114: error: expected declaration specifiers or ‘...’ before ‘PyObject’
/tmp/tmpoewsdT/src.linux-x86_64-2.6/fortranobject.c:17: error: expected ‘)’ before ‘*’ token
/tmp/tmpoewsdT/src.linux-x86_64-2.6/fortranobject.c:32: error: expected ‘=’, ‘,’, ‘;’, ‘asm’ or ‘__attribute__’ before ‘*’ token
/tmp/tmpoewsdT/src.linux-x86_64-2.6/fortranobject.c:34: error: expected ‘=’, ‘,’, ‘;’, ‘asm’ or ‘__attribute__’ before ‘*’ token
/tmp/tmpoewsdT/src.linux-x86_64-2.6/fortranobject.c:75: error: expected ‘=’, ‘,’, ‘;’, ‘asm’ or ‘__attribute__’ before ‘*’ token
/tmp/tmpoewsdT/src.linux-x86_64-2.6/fortranobject.c: In function ‘fortran_dealloc’:
/tmp/tmpoewsdT/src.linux-x86_64-2.6/fortranobject.c:90: warning: implicit declaration of function ‘Py_XDECREF’
/tmp/tmpoewsdT/src.linux-x86_64-2.6/fortranobject.c:90: error: ‘PyFortranObject’ has no member named ‘dict’
/tmp/tmpoewsdT/src.linux-x86_64-2.6/fortranobject.c:91: warning: implicit declaration of function ‘PyMem_Del’
/tmp/tmpoewsdT/src.linux-x86_64-2.6/fortranobject.c: At top level:
/tmp/tmpoewsdT/src.linux-x86_64-2.6/fortranobject.c:95: error: expected ‘=’, ‘,’, ‘;’, ‘asm’ or ‘__attribute__’ before ‘fortran_methods’
/tmp/tmpoewsdT/src.linux-x86_64-2.6/fortranobject.c:100: error: expected ‘=’, ‘,’, ‘;’, ‘asm’ or ‘__attribute__’ before ‘*’ token
/tmp/tmpoewsdT/src.linux-x86_64-2.6/fortranobject.c:177: error: expected declaration specifiers or ‘...’ before ‘npy_intp’
/tmp/tmpoewsdT/src.linux-x86_64-2.6/fortranobject.c: In function ‘set_data’:
/tmp/tmpoewsdT/src.linux-x86_64-2.6/fortranobject.c:178: error: ‘f’ undeclared (first use in this function)
/tmp/tmpoewsdT/src.linux-x86_64-2.6/fortranobject.c:178: error: (Each undeclared identifier is reported only once
/tmp/tmpoewsdT/src.linux-x86_64-2.6/fortranobject.c:178: error: for each function it appears in.)
/tmp/tmpoewsdT/src.linux-x86_64-2.6/fortranobject.c:181: error: ‘NULL’ undeclared (first use in this function)
/tmp/tmpoewsdT/src.linux-x86_64-2.6/fortranobject.c: At top level:
/tmp/tmpoewsdT/src.linux-x86_64-2.6/fortranobject.c:185: error: expected ‘=’, ‘,’, ‘;’, ‘asm’ or ‘__attribute__’ before ‘*’ token
/tmp/tmpoewsdT/src.linux-x86_64-2.6/fortranobject.c:241: error: expected declaration specifiers or ‘...’ before ‘PyObject’
/tmp/tmpoewsdT/src.linux-x86_64-2.6/fortranobject.c: In function ‘fortran_setattr’:
/tmp/tmpoewsdT/src.linux-x86_64-2.6/fortranobject.c:243: error: ‘NULL’ undeclared (first use in this function)
/tmp/tmpoewsdT/src.linux-x86_64-2.6/fortranobject.c:244: error: ‘PyFortranObject’ has no member named ‘len’
/tmp/tmpoewsdT/src.linux-x86_64-2.6/fortranobject.c:244: warning: implicit declaration of function ‘strcmp’
/tmp/tmpoewsdT/src.linux-x86_64-2.6/fortranobject.c:244: error: ‘PyFortranObject’ has no member named ‘defs’
/tmp/tmpoewsdT/src.linux-x86_64-2.6/fortranobject.c:246: error: ‘PyFortranObject’ has no member named ‘defs’
/tmp/tmpoewsdT/src.linux-x86_64-2.6/fortranobject.c:247: warning: implicit declaration of function ‘PyErr_SetString’
/tmp/tmpoewsdT/src.linux-x86_64-2.6/fortranobject.c:247: error: ‘PyExc_AttributeError’ undeclared (first use in this function)
/tmp/tmpoewsdT/src.linux-x86_64-2.6/fortranobject.c:250: error: ‘PyFortranObject’ has no member named ‘defs’
/tmp/tmpoewsdT/src.linux-x86_64-2.6/fortranobject.c:251: error: ‘npy_intp’ undeclared (first use in this function)
/tmp/tmpoewsdT/src.linux-x86_64-2.6/fortranobject.c:251: error: expected ‘;’ before ‘dims’
/tmp/tmpoewsdT/src.linux-x86_64-2.6/fortranobject.c:253: error: ‘PyFortranObject’ has no member named ‘defs’
/tmp/tmpoewsdT/src.linux-x86_64-2.6/fortranobject.c:254: error: ‘v’ undeclared (first use in this function)
/tmp/tmpoewsdT/src.linux-x86_64-2.6/fortranobject.c:254: error: ‘Py_None’ undeclared (first use in this function)
/tmp/tmpoewsdT/src.linux-x86_64-2.6/fortranobject.c:257: error: ‘PyFortranObject’ has no member named ‘defs’
/tmp/tmpoewsdT/src.linux-x86_64-2.6/fortranobject.c:257: error: ‘dims’ undeclared (first use in this function)
/tmp/tmpoewsdT/src.linux-x86_64-2.6/fortranobject.c:258: error: ‘PyFortranObject’ has no member named ‘defs’
/tmp/tmpoewsdT/src.linux-x86_64-2.6/fortranobject.c:258: error: ‘PyFortranObject’ has no member named ‘defs’
/tmp/tmpoewsdT/src.linux-x86_64-2.6/fortranobject.c:258: error: too many arguments to function ‘array_from_pyobj’
/tmp/tmpoewsdT/src.linux-x86_64-2.6/fortranobject.c:260: error: ‘PyFortranObject’ has no member named ‘defs’
/tmp/tmpoewsdT/src.linux-x86_64-2.6/fortranobject.c:260: error: ‘PyFortranObject’ has no member named ‘defs’
/tmp/tmpoewsdT/src.linux-x86_64-2.6/fortranobject.c:260: error: ‘PyArrayObject’ has no member named ‘dimensions’
/tmp/tmpoewsdT/src.linux-x86_64-2.6/fortranobject.c:262: error: ‘PyFortranObject’ has no member named ‘defs’
/tmp/tmpoewsdT/src.linux-x86_64-2.6/fortranobject.c:263: error: ‘PyFortranObject’ has no member named ‘defs’
/tmp/tmpoewsdT/src.linux-x86_64-2.6/fortranobject.c:263: error: ‘PyFortranObject’ has no member named ‘defs’
/tmp/tmpoewsdT/src.linux-x86_64-2.6/fortranobject.c:264: error: ‘PyFortranObject’ has no member named ‘defs’
/tmp/tmpoewsdT/src.linux-x86_64-2.6/fortranobject.c:266: warning: implicit declaration of function ‘memcpy’
/tmp/tmpoewsdT/src.linux-x86_64-2.6/fortranobject.c:266: warning: incompatible implicit declaration of built-in function ‘memcpy’
/tmp/tmpoewsdT/src.linux-x86_64-2.6/fortranobject.c:266: error: ‘PyFortranObject’ has no member named ‘defs’
/tmp/tmpoewsdT/src.linux-x86_64-2.6/fortranobject.c:266: error: ‘PyFortranObject’ has no member named ‘defs’
/tmp/tmpoewsdT/src.linux-x86_64-2.6/fortranobject.c:268: error: ‘PyFortranObject’ has no member named ‘defs’
/tmp/tmpoewsdT/src.linux-x86_64-2.6/fortranobject.c:268: error: ‘PyFortranObject’ has no member named ‘defs’
/tmp/tmpoewsdT/src.linux-x86_64-2.6/fortranobject.c:268: error: ‘PyFortranObject’ has no member named ‘defs’
/tmp/tmpoewsdT/src.linux-x86_64-2.6/fortranobject.c:268: error: too many arguments to function ‘array_from_pyobj’
/tmp/tmpoewsdT/src.linux-x86_64-2.6/fortranobject.c:271: error: ‘PyFortranObject’ has no member named ‘defs’
/tmp/tmpoewsdT/src.linux-x86_64-2.6/fortranobject.c:272: error: expected ‘;’ before ‘s’
/tmp/tmpoewsdT/src.linux-x86_64-2.6/fortranobject.c:273: error: ‘s’ undeclared (first use in this function)
/tmp/tmpoewsdT/src.linux-x86_64-2.6/fortranobject.c:274: warning: implicit declaration of function ‘npy_intp’
/tmp/tmpoewsdT/src.linux-x86_64-2.6/fortranobject.c:274: error: expected expression before ‘)’ token
/tmp/tmpoewsdT/src.linux-x86_64-2.6/fortranobject.c:274: error: expected ‘)’ before ‘PyArray_API’
/tmp/tmpoewsdT/src.linux-x86_64-2.6/fortranobject.c:274: error: ‘PyArrayObject’ has no member named ‘dimensions’
/tmp/tmpoewsdT/src.linux-x86_64-2.6/fortranobject.c:274: error: ‘PyArrayObject’ has no member named ‘nd’
/tmp/tmpoewsdT/src.linux-x86_64-2.6/fortranobject.c:276: warning: incompatible implicit declaration of built-in function ‘memcpy’
/tmp/tmpoewsdT/src.linux-x86_64-2.6/fortranobject.c:276: error: ‘PyFortranObject’ has no member named ‘defs’
/tmp/tmpoewsdT/src.linux-x86_64-2.6/fortranobject.c:276: error: ‘PyArrayObject’ has no member named ‘data’
/tmp/tmpoewsdT/src.linux-x86_64-2.6/fortranobject.c:276: error: ‘PyArrayObject’ has no member named ‘descr’
/tmp/tmpoewsdT/src.linux-x86_64-2.6/fortranobject.c:277: error: ‘PyObject’ undeclared (first use in this function)
/tmp/tmpoewsdT/src.linux-x86_64-2.6/fortranobject.c:277: error: expected expression before ‘)’ token
/tmp/tmpoewsdT/src.linux-x86_64-2.6/fortranobject.c:278: warning: implicit declaration of function ‘Py_DECREF’
/tmp/tmpoewsdT/src.linux-x86_64-2.6/fortranobject.c:282: error: expected expression before ‘)’ token
/tmp/tmpoewsdT/src.linux-x86_64-2.6/fortranobject.c:285: error: ‘PyFortranObject’ has no member named ‘defs’
/tmp/tmpoewsdT/src.linux-x86_64-2.6/fortranobject.c:288: error: ‘PyFortranObject’ has no member named ‘dict’
/tmp/tmpoewsdT/src.linux-x86_64-2.6/fortranobject.c:289: error: ‘PyFortranObject’ has no member named ‘dict’
/tmp/tmpoewsdT/src.linux-x86_64-2.6/fortranobject.c:289: warning: implicit declaration of function ‘PyDict_New’
/tmp/tmpoewsdT/src.linux-x86_64-2.6/fortranobject.c:290: error: ‘PyFortranObject’ has no member named ‘dict’
/tmp/tmpoewsdT/src.linux-x86_64-2.6/fortranobject.c:294: warning: implicit declaration of function ‘PyDict_DelItemString’
/tmp/tmpoewsdT/src.linux-x86_64-2.6/fortranobject.c:294: error: ‘PyFortranObject’ has no member named ‘dict’
/tmp/tmpoewsdT/src.linux-x86_64-2.6/fortranobject.c:300: warning: implicit declaration of function ‘PyDict_SetItemString’
/tmp/tmpoewsdT/src.linux-x86_64-2.6/fortranobject.c:300: error: ‘PyFortranObject’ has no member named ‘dict’
/tmp/tmpoewsdT/src.linux-x86_64-2.6/fortranobject.c: At top level:
/tmp/tmpoewsdT/src.linux-x86_64-2.6/fortranobject.c:303: error: expected ‘=’, ‘,’, ‘;’, ‘asm’ or ‘__attribute__’ before ‘*’ token
/tmp/tmpoewsdT/src.linux-x86_64-2.6/fortranobject.c:326: error: expected ‘=’, ‘,’, ‘;’, ‘asm’ or ‘__attribute__’ before ‘PyFortran_Type’
/tmp/tmpoewsdT/src.linux-x86_64-2.6/fortranobject.c:480: warning: type defaults to ‘int’ in declaration of ‘npy_intp’
/tmp/tmpoewsdT/src.linux-x86_64-2.6/fortranobject.c:480: error: expected ‘;’, ‘,’ or ‘)’ before ‘*’ token
/tmp/tmpoewsdT/src.linux-x86_64-2.6/fortranobject.c:491: error: expected declaration specifiers or ‘...’ before ‘npy_intp’
/tmp/tmpoewsdT/src.linux-x86_64-2.6/fortranobject.c: In function ‘swap_arrays’:
/tmp/tmpoewsdT/src.linux-x86_64-2.6/fortranobject.c:517: error: ‘PyArrayObject’ has no member named ‘data’
/tmp/tmpoewsdT/src.linux-x86_64-2.6/fortranobject.c:517: error: ‘PyArrayObject’ has no member named ‘data’
/tmp/tmpoewsdT/src.linux-x86_64-2.6/fortranobject.c:517: error: ‘PyArrayObject’ has no member named ‘data’
/tmp/tmpoewsdT/src.linux-x86_64-2.6/fortranobject.c:517: error: ‘PyArrayObject’ has no member named ‘data’
/tmp/tmpoewsdT/src.linux-x86_64-2.6/fortranobject.c:518: error: ‘PyArrayObject’ has no member named ‘nd’
/tmp/tmpoewsdT/src.linux-x86_64-2.6/fortranobject.c:518: error: ‘PyArrayObject’ has no member named ‘nd’
/tmp/tmpoewsdT/src.linux-x86_64-2.6/fortranobject.c:518: error: ‘PyArrayObject’ has no member named ‘nd’
/tmp/tmpoewsdT/src.linux-x86_64-2.6/fortranobject.c:518: error: ‘PyArrayObject’ has no member named ‘nd’
/tmp/tmpoewsdT/src.linux-x86_64-2.6/fortranobject.c:519: error: ‘npy_intp’ undeclared (first use in this function)
/tmp/tmpoewsdT/src.linux-x86_64-2.6/fortranobject.c:519: error: ‘c’ undeclared (first use in this function)
/tmp/tmpoewsdT/src.linux-x86_64-2.6/fortranobject.c:519: error: ‘PyArrayObject’ has no member named ‘dimensions’
/tmp/tmpoewsdT/src.linux-x86_64-2.6/fortranobject.c:519: error: ‘PyArrayObject’ has no member named ‘dimensions’
/tmp/tmpoewsdT/src.linux-x86_64-2.6/fortranobject.c:519: error: ‘PyArrayObject’ has no member named ‘dimensions’
/tmp/tmpoewsdT/src.linux-x86_64-2.6/fortranobject.c:519: error: ‘PyArrayObject’ has no member named ‘dimensions’
/tmp/tmpoewsdT/src.linux-x86_64-2.6/fortranobject.c:520: error: ‘PyArrayObject’ has no member named ‘strides’
/tmp/tmpoewsdT/src.linux-x86_64-2.6/fortranobject.c:520: error: ‘PyArrayObject’ has no member named ‘strides’
/tmp/tmpoewsdT/src.linux-x86_64-2.6/fortranobject.c:520: error: ‘PyArrayObject’ has no member named ‘strides’
/tmp/tmpoewsdT/src.linux-x86_64-2.6/fortranobject.c:520: error: ‘PyArrayObject’ has no member named ‘strides’
/tmp/tmpoewsdT/src.linux-x86_64-2.6/fortranobject.c:521: error: ‘PyObject’ undeclared (first use in this function)
/tmp/tmpoewsdT/src.linux-x86_64-2.6/fortranobject.c:521: error: ‘PyArrayObject’ has no member named ‘base’
/tmp/tmpoewsdT/src.linux-x86_64-2.6/fortranobject.c:521: error: ‘PyArrayObject’ has no member named ‘base’
/tmp/tmpoewsdT/src.linux-x86_64-2.6/fortranobject.c:521: error: ‘PyArrayObject’ has no member named ‘base’
/tmp/tmpoewsdT/src.linux-x86_64-2.6/fortranobject.c:521: error: ‘PyArrayObject’ has no member named ‘base’
/tmp/tmpoewsdT/src.linux-x86_64-2.6/fortranobject.c:522: error: ‘PyArrayObject’ has no member named ‘descr’
/tmp/tmpoewsdT/src.linux-x86_64-2.6/fortranobject.c:522: error: ‘PyArrayObject’ has no member named ‘descr’
/tmp/tmpoewsdT/src.linux-x86_64-2.6/fortranobject.c:522: error: ‘PyArrayObject’ has no member named ‘descr’
/tmp/tmpoewsdT/src.linux-x86_64-2.6/fortranobject.c:522: error: ‘PyArrayObject’ has no member named ‘descr’
/tmp/tmpoewsdT/src.linux-x86_64-2.6/fortranobject.c:523: error: ‘PyArrayObject’ has no member named ‘flags’
/tmp/tmpoewsdT/src.linux-x86_64-2.6/fortranobject.c:523: error: ‘PyArrayObject’ has no member named ‘flags’
/tmp/tmpoewsdT/src.linux-x86_64-2.6/fortranobject.c:523: error: ‘PyArrayObject’ has no member named ‘flags’
/tmp/tmpoewsdT/src.linux-x86_64-2.6/fortranobject.c:523: error: ‘PyArrayObject’ has no member named ‘flags’
/tmp/tmpoewsdT/src.linux-x86_64-2.6/fortranobject.c: At top level:
/tmp/tmpoewsdT/src.linux-x86_64-2.6/fortranobject.c:536: error: expected declaration specifiers or ‘...’ before ‘npy_intp’
/tmp/tmpoewsdT/src.linux-x86_64-2.6/fortranobject.c:539: error: expected declaration specifiers or ‘...’ before ‘PyObject’
/tmp/tmpoewsdT/src.linux-x86_64-2.6/fortranobject.c: In function ‘array_from_pyobj’:
/tmp/tmpoewsdT/src.linux-x86_64-2.6/fortranobject.c:552: error: ‘NULL’ undeclared (first use in this function)
/tmp/tmpoewsdT/src.linux-x86_64-2.6/fortranobject.c:558: error: ‘obj’ undeclared (first use in this function)
/tmp/tmpoewsdT/src.linux-x86_64-2.6/fortranobject.c:558: error: ‘Py_None’ undeclared (first use in this function)
/tmp/tmpoewsdT/src.linux-x86_64-2.6/fortranobject.c:562: warning: implicit declaration of function ‘count_nonpos’
/tmp/tmpoewsdT/src.linux-x86_64-2.6/fortranobject.c:562: error: ‘dims’ undeclared (first use in this function)
/tmp/tmpoewsdT/src.linux-x86_64-2.6/fortranobject.c:564: warning: implicit declaration of function ‘sprintf’
/tmp/tmpoewsdT/src.linux-x86_64-2.6/fortranobject.c:564: warning: incompatible implicit declaration of built-in function ‘sprintf’
/tmp/tmpoewsdT/src.linux-x86_64-2.6/fortranobject.c:567: warning: implicit declaration of function ‘strlen’
/tmp/tmpoewsdT/src.linux-x86_64-2.6/fortranobject.c:567: warning: incompatible implicit declaration of built-in function ‘strlen’
/tmp/tmpoewsdT/src.linux-x86_64-2.6/fortranobject.c:569: error: ‘PyExc_ValueError’ undeclared (first use in this function)
/tmp/tmpoewsdT/src.linux-x86_64-2.6/fortranobject.c:573: error: ‘PyObject’ undeclared (first use in this function)
/tmp/tmpoewsdT/src.linux-x86_64-2.6/fortranobject.c:573: error: expected expression before ‘)’ token
/tmp/tmpoewsdT/src.linux-x86_64-2.6/fortranobject.c:573: error: ‘PyTypeObject’ undeclared (first use in this function)
/tmp/tmpoewsdT/src.linux-x86_64-2.6/fortranobject.c:573: error: expected ‘)’ before ‘PyArray_API’
/tmp/tmpoewsdT/src.linux-x86_64-2.6/fortranobject.c:573: error: expected expression before ‘)’ token
/tmp/tmpoewsdT/src.linux-x86_64-2.6/fortranobject.c:579: warning: implicit declaration of function ‘memset’
/tmp/tmpoewsdT/src.linux-x86_64-2.6/fortranobject.c:579: warning: incompatible implicit declaration of built-in function ‘memset’
/tmp/tmpoewsdT/src.linux-x86_64-2.6/fortranobject.c:579: error: ‘PyArrayObject’ has no member named ‘data’
/tmp/tmpoewsdT/src.linux-x86_64-2.6/fortranobject.c:579: error: ‘PyArrayObject’ has no member named ‘descr’
/tmp/tmpoewsdT/src.linux-x86_64-2.6/fortranobject.c:579: error: expected expression before ‘)’ token
/tmp/tmpoewsdT/src.linux-x86_64-2.6/fortranobject.c:579: error: expected ‘)’ before ‘PyArray_API’
/tmp/tmpoewsdT/src.linux-x86_64-2.6/fortranobject.c:579: error: ‘PyArrayObject’ has no member named ‘dimensions’
/tmp/tmpoewsdT/src.linux-x86_64-2.6/fortranobject.c:579: error: ‘PyArrayObject’ has no member named ‘nd’
/tmp/tmpoewsdT/src.linux-x86_64-2.6/fortranobject.c:584: error: ‘PyArray_Descr’ has no member named ‘elsize’
/tmp/tmpoewsdT/src.linux-x86_64-2.6/fortranobject.c:585: error: ‘PyArray_Descr’ has no member named ‘type’
/tmp/tmpoewsdT/src.linux-x86_64-2.6/fortranobject.c:587: warning: implicit declaration of function ‘PyObject_TypeCheck’
/tmp/tmpoewsdT/src.linux-x86_64-2.6/fortranobject.c:587: error: expected expression before ‘)’ token
/tmp/tmpoewsdT/src.linux-x86_64-2.6/fortranobject.c:594: error: too many arguments to function ‘check_and_fix_dimensions’
/tmp/tmpoewsdT/src.linux-x86_64-2.6/fortranobject.c:598: warning: implicit declaration of function ‘Py_INCREF’
/tmp/tmpoewsdT/src.linux-x86_64-2.6/fortranobject.c:601: warning: incompatible implicit declaration of built-in function ‘sprintf’
/tmp/tmpoewsdT/src.linux-x86_64-2.6/fortranobject.c:603: warning: incompatible implicit declaration of built-in function ‘strlen’
/tmp/tmpoewsdT/src.linux-x86_64-2.6/fortranobject.c:604: error: ‘PyArrayObject’ has no member named ‘descr’
/tmp/tmpoewsdT/src.linux-x86_64-2.6/fortranobject.c:606: error: ‘PyArrayObject’ has no member named ‘descr’
/tmp/tmpoewsdT/src.linux-x86_64-2.6/fortranobject.c:614: error: too many arguments to function ‘check_and_fix_dimensions’
/tmp/tmpoewsdT/src.linux-x86_64-2.6/fortranobject.c:619: error: ‘PyArrayObject’ has no member named ‘descr’
/tmp/tmpoewsdT/src.linux-x86_64-2.6/fortranobject.c:620: error: ‘PyArrayObject’ has no member named ‘descr’
/tmp/tmpoewsdT/src.linux-x86_64-2.6/fortranobject.c:620: error: ‘PyArrayObject’ has no member named ‘descr’
/tmp/tmpoewsdT/src.linux-x86_64-2.6/fortranobject.c:620: error: ‘PyArrayObject’ has no member named ‘descr’
/tmp/tmpoewsdT/src.linux-x86_64-2.6/fortranobject.c:620: error: ‘PyArrayObject’ has no member named ‘descr’
/tmp/tmpoewsdT/src.linux-x86_64-2.6/fortranobject.c:620: error: ‘PyArrayObject’ has no member named ‘descr’
/tmp/tmpoewsdT/src.linux-x86_64-2.6/fortranobject.c:620: error: ‘PyArrayObject’ has no member named ‘descr’
/tmp/tmpoewsdT/src.linux-x86_64-2.6/fortranobject.c:622: error: ‘PyArrayObject’ has no member named ‘flags’
/tmp/tmpoewsdT/src.linux-x86_64-2.6/fortranobject.c:622: error: ‘PyArrayObject’ has no member named ‘descr’
/tmp/tmpoewsdT/src.linux-x86_64-2.6/fortranobject.c:622: error: ‘PyArrayObject’ has no member named ‘flags’
/tmp/tmpoewsdT/src.linux-x86_64-2.6/fortranobject.c:622: error: ‘PyArrayObject’ has no member named ‘descr’
/tmp/tmpoewsdT/src.linux-x86_64-2.6/fortranobject.c:632: warning: incompatible implicit declaration of built-in function ‘sprintf’
/tmp/tmpoewsdT/src.linux-x86_64-2.6/fortranobject.c:633: error: ‘PyArrayObject’ has no member named ‘flags’
/tmp/tmpoewsdT/src.linux-x86_64-2.6/fortranobject.c:633: error: ‘PyArrayObject’ has no member named ‘descr’
/tmp/tmpoewsdT/src.linux-x86_64-2.6/fortranobject.c:634: warning: incompatible implicit declaration of built-in function ‘strlen’
/tmp/tmpoewsdT/src.linux-x86_64-2.6/fortranobject.c:635: error: ‘PyArrayObject’ has no member named ‘flags’
/tmp/tmpoewsdT/src.linux-x86_64-2.6/fortranobject.c:635: error: ‘PyArrayObject’ has no member named ‘descr’
/tmp/tmpoewsdT/src.linux-x86_64-2.6/fortranobject.c:637: error: ‘PyArrayObject’ has no member named ‘descr’
/tmp/tmpoewsdT/src.linux-x86_64-2.6/fortranobject.c:640: error: ‘PyArrayObject’ has no member named ‘descr’
/tmp/tmpoewsdT/src.linux-x86_64-2.6/fortranobject.c:642: error: ‘PyArrayObject’ has no member named ‘descr’
/tmp/tmpoewsdT/src.linux-x86_64-2.6/fortranobject.c:642: error: ‘PyArrayObject’ has no member named ‘descr’
/tmp/tmpoewsdT/src.linux-x86_64-2.6/fortranobject.c:642: error: ‘PyArrayObject’ has no member named ‘descr’
/tmp/tmpoewsdT/src.linux-x86_64-2.6/fortranobject.c:642: error: ‘PyArrayObject’ has no member named ‘descr’
/tmp/tmpoewsdT/src.linux-x86_64-2.6/fortranobject.c:642: error: ‘PyArrayObject’ has no member named ‘descr’
/tmp/tmpoewsdT/src.linux-x86_64-2.6/fortranobject.c:642: error: ‘PyArrayObject’ has no member named ‘descr’
/tmp/tmpoewsdT/src.linux-x86_64-2.6/fortranobject.c:644: error: ‘PyArrayObject’ has no member named ‘descr’
/tmp/tmpoewsdT/src.linux-x86_64-2.6/fortranobject.c:653: error: expected expression before ‘)’ token
/tmp/tmpoewsdT/src.linux-x86_64-2.6/fortranobject.c:653: error: expected ‘)’ before ‘PyArray_API’
/tmp/tmpoewsdT/src.linux-x86_64-2.6/fortranobject.c:653: error: expected expression before ‘)’ token
/tmp/tmpoewsdT/src.linux-x86_64-2.6/fortranobject.c:653: error: ‘PyArrayObject’ has no member named ‘nd’
/tmp/tmpoewsdT/src.linux-x86_64-2.6/fortranobject.c:653: error: ‘PyArrayObject’ has no member named ‘dimensions’
/tmp/tmpoewsdT/src.linux-x86_64-2.6/fortranobject.c:680: warning: incompatible implicit declaration of built-in function ‘sprintf’
/tmp/tmpoewsdT/src.linux-x86_64-2.6/fortranobject.c:682: warning: implicit declaration of function ‘PyString_AsString’
/tmp/tmpoewsdT/src.linux-x86_64-2.6/fortranobject.c:682: warning: implicit declaration of function ‘PyObject_Str’
/tmp/tmpoewsdT/src.linux-x86_64-2.6/fortranobject.c:682: warning: implicit declaration of function ‘PyObject_Type’
/tmp/tmpoewsdT/src.linux-x86_64-2.6/fortranobject.c:684: error: ‘PyExc_TypeError’ undeclared (first use in this function)
/tmp/tmpoewsdT/src.linux-x86_64-2.6/fortranobject.c:691: error: expected expression before ‘)’ token
/tmp/tmpoewsdT/src.linux-x86_64-2.6/fortranobject.c:691: error: expected ‘)’ before ‘PyArray_API’
/tmp/tmpoewsdT/src.linux-x86_64-2.6/fortranobject.c:696: error: too many arguments to function ‘check_and_fix_dimensions’
/tmp/tmpoewsdT/src.linux-x86_64-2.6/fortranobject.c: At top level:
/tmp/tmpoewsdT/src.linux-x86_64-2.6/fortranobject.c:708: error: expected declaration specifiers or ‘...’ before ‘npy_intp’
/tmp/tmpoewsdT/src.linux-x86_64-2.6/fortranobject.c: In function ‘check_and_fix_dimensions’:
/tmp/tmpoewsdT/src.linux-x86_64-2.6/fortranobject.c:714: error: expected ‘=’, ‘,’, ‘;’, ‘asm’ or ‘__attribute__’ before ‘arr_size’
/tmp/tmpoewsdT/src.linux-x86_64-2.6/fortranobject.c:714: error: ‘arr_size’ undeclared (first use in this function)
/tmp/tmpoewsdT/src.linux-x86_64-2.6/fortranobject.c:714: error: ‘PyArrayObject’ has no member named ‘nd’
/tmp/tmpoewsdT/src.linux-x86_64-2.6/fortranobject.c:714: error: expected expression before ‘)’ token
/tmp/tmpoewsdT/src.linux-x86_64-2.6/fortranobject.c:714: error: ‘PyObject’ undeclared (first use in this function)
/tmp/tmpoewsdT/src.linux-x86_64-2.6/fortranobject.c:714: error: expected ‘)’ before ‘PyArray_API’
/tmp/tmpoewsdT/src.linux-x86_64-2.6/fortranobject.c:714: error: expected expression before ‘)’ token
/tmp/tmpoewsdT/src.linux-x86_64-2.6/fortranobject.c:720: error: ‘PyArrayObject’ has no member named ‘nd’
/tmp/tmpoewsdT/src.linux-x86_64-2.6/fortranobject.c:721: warning: statement with no effect
/tmp/tmpoewsdT/src.linux-x86_64-2.6/fortranobject.c:721: error: expected ‘;’ before ‘new_size’
/tmp/tmpoewsdT/src.linux-x86_64-2.6/fortranobject.c:724: warning: statement with no effect
/tmp/tmpoewsdT/src.linux-x86_64-2.6/fortranobject.c:724: error: expected ‘;’ before ‘d’
/tmp/tmpoewsdT/src.linux-x86_64-2.6/fortranobject.c:726: error: ‘PyArrayObject’ has no member named ‘nd’
/tmp/tmpoewsdT/src.linux-x86_64-2.6/fortranobject.c:727: error: ‘d’ undeclared (first use in this function)
/tmp/tmpoewsdT/src.linux-x86_64-2.6/fortranobject.c:727: error: ‘PyArrayObject’ has no member named ‘dimensions’
/tmp/tmpoewsdT/src.linux-x86_64-2.6/fortranobject.c:728: error: ‘dims’ undeclared (first use in this function)
/tmp/tmpoewsdT/src.linux-x86_64-2.6/fortranobject.c:730: warning: implicit declaration of function ‘fprintf’
/tmp/tmpoewsdT/src.linux-x86_64-2.6/fortranobject.c:730: warning: incompatible implicit declaration of built-in function ‘fprintf’
/tmp/tmpoewsdT/src.linux-x86_64-2.6/fortranobject.c:730: error: ‘stderr’ undeclared (first use in this function)
/tmp/tmpoewsdT/src.linux-x86_64-2.6/fortranobject.c:739: error: ‘new_size’ undeclared (first use in this function)
/tmp/tmpoewsdT/src.linux-x86_64-2.6/fortranobject.c:741: error: ‘PyArrayObject’ has no member named ‘nd’
/tmp/tmpoewsdT/src.linux-x86_64-2.6/fortranobject.c:743: warning: incompatible implicit declaration of built-in function ‘fprintf’
/tmp/tmpoewsdT/src.linux-x86_64-2.6/fortranobject.c:756: warning: incompatible implicit declaration of built-in function ‘fprintf’
/tmp/tmpoewsdT/src.linux-x86_64-2.6/fortranobject.c:761: error: ‘PyArrayObject’ has no member named ‘nd’
/tmp/tmpoewsdT/src.linux-x86_64-2.6/fortranobject.c:762: warning: statement with no effect
/tmp/tmpoewsdT/src.linux-x86_64-2.6/fortranobject.c:762: error: expected ‘;’ before ‘new_size’
/tmp/tmpoewsdT/src.linux-x86_64-2.6/fortranobject.c:764: warning: statement with no effect
/tmp/tmpoewsdT/src.linux-x86_64-2.6/fortranobject.c:764: error: expected ‘;’ before ‘d’
/tmp/tmpoewsdT/src.linux-x86_64-2.6/fortranobject.c:766: error: ‘PyArrayObject’ has no member named ‘dimensions’
/tmp/tmpoewsdT/src.linux-x86_64-2.6/fortranobject.c:769: warning: incompatible implicit declaration of built-in function ‘fprintf’
/tmp/tmpoewsdT/src.linux-x86_64-2.6/fortranobject.c:779: warning: incompatible implicit declaration of built-in function ‘fprintf’
/tmp/tmpoewsdT/src.linux-x86_64-2.6/fortranobject.c:785: warning: statement with no effect
/tmp/tmpoewsdT/src.linux-x86_64-2.6/fortranobject.c:785: error: expected ‘;’ before ‘d’
/tmp/tmpoewsdT/src.linux-x86_64-2.6/fortranobject.c:787: warning: statement with no effect
/tmp/tmpoewsdT/src.linux-x86_64-2.6/fortranobject.c:787: error: expected ‘;’ before ‘size’
/tmp/tmpoewsdT/src.linux-x86_64-2.6/fortranobject.c:788: error: ‘PyArrayObject’ has no member named ‘nd’
/tmp/tmpoewsdT/src.linux-x86_64-2.6/fortranobject.c:789: error: ‘PyArrayObject’ has no member named ‘dimensions’
/tmp/tmpoewsdT/src.linux-x86_64-2.6/fortranobject.c:792: warning: incompatible implicit declaration of built-in function ‘fprintf’
/tmp/tmpoewsdT/src.linux-x86_64-2.6/fortranobject.c:793: error: ‘PyArrayObject’ has no member named ‘nd’
/tmp/tmpoewsdT/src.linux-x86_64-2.6/fortranobject.c:798: error: ‘PyArrayObject’ has no member named ‘nd’
/tmp/tmpoewsdT/src.linux-x86_64-2.6/fortranobject.c:798: error: ‘PyArrayObject’ has no member named ‘dimensions’
/tmp/tmpoewsdT/src.linux-x86_64-2.6/fortranobject.c:799: error: ‘PyArrayObject’ has no member named ‘nd’
/tmp/tmpoewsdT/src.linux-x86_64-2.6/fortranobject.c:800: error: ‘PyArrayObject’ has no member named ‘dimensions’
/tmp/tmpoewsdT/src.linux-x86_64-2.6/fortranobject.c:803: warning: incompatible implicit declaration of built-in function ‘fprintf’
/tmp/tmpoewsdT/src.linux-x86_64-2.6/fortranobject.c:813: error: ‘PyArrayObject’ has no member named ‘nd’
/tmp/tmpoewsdT/src.linux-x86_64-2.6/fortranobject.c:814: error: ‘PyArrayObject’ has no member named ‘nd’
/tmp/tmpoewsdT/src.linux-x86_64-2.6/fortranobject.c:814: error: ‘PyArrayObject’ has no member named ‘dimensions’
/tmp/tmpoewsdT/src.linux-x86_64-2.6/fortranobject.c:815: error: ‘PyArrayObject’ has no member named ‘nd’
/tmp/tmpoewsdT/src.linux-x86_64-2.6/fortranobject.c:816: error: ‘PyArrayObject’ has no member named ‘dimensions’
/tmp/tmpoewsdT/src.linux-x86_64-2.6/fortranobject.c:819: error: ‘size’ undeclared (first use in this function)
/tmp/tmpoewsdT/src.linux-x86_64-2.6/fortranobject.c:821: warning: incompatible implicit declaration of built-in function ‘fprintf’
/tmp/tmpoewsdT/src.linux-x86_64-2.6/fortranobject.c:823: error: ‘PyArrayObject’ has no member named ‘nd’
/tmp/tmpoewsdT/src.linux-x86_64-2.6/fortranobject.c:826: error: ‘PyArrayObject’ has no member named ‘nd’
/tmp/tmpoewsdT/src.linux-x86_64-2.6/fortranobject.c:826: error: ‘PyArrayObject’ has no member named ‘dimensions’
